
*** Running vivado
    with args -log uart_block_wrapper.vds -m64 -product Vivado -mode batch -messageDb vivado.pb -notrace -source uart_block_wrapper.tcl


ECHO is off.
ECHO is off.

****** Vivado v2023.2.2 (64-bit)
  **** SW Build 4126759 on Thu Feb  8 23:53:51 MST 2024
  **** IP Build 4126054 on Fri Feb  9 11:39:09 MST 2024
  **** SharedData Build 4115275 on Tue Jan 30 00:40:57 MST 2024
    ** Copyright 1986-2022 Xilinx, Inc. All Rights Reserved.
    ** Copyright 2022-2024 Advanced Micro Devices, Inc. All Rights Reserved.

source uart_block_wrapper.tcl -notrace
create_project: Time (s): cpu = 00:00:05 ; elapsed = 00:00:08 . Memory (MB): peak = 477.746 ; gain = 182.797
INFO: [IP_Flow 19-234] Refreshing IP repositories
INFO: [IP_Flow 19-1704] No user IP repositories specified
INFO: [IP_Flow 19-2313] Loaded Vivado IP repository 'C:/Xilinx/Vivado/2023.2/data/ip'.
Command: read_checkpoint -auto_incremental -incremental C:/Users/aksel/OneDrive/Skrivebord/4-semester/DigitalProgrammerbarElektronik/Lab9/lab9project.srcs/utils_1/imports/synth_1/uart_block_wrapper.dcp
INFO: [Vivado 12-5825] Read reference checkpoint from C:/Users/aksel/OneDrive/Skrivebord/4-semester/DigitalProgrammerbarElektronik/Lab9/lab9project.srcs/utils_1/imports/synth_1/uart_block_wrapper.dcp for incremental synthesis
INFO: [Vivado 12-7989] Please ensure there are no constraint changes
Command: synth_design -top uart_block_wrapper -part xc7z020clg400-1
Starting synth_design
Attempting to get a license for feature 'Synthesis' and/or device 'xc7z020'
INFO: [Common 17-349] Got license for feature 'Synthesis' and/or device 'xc7z020'
INFO: [Device 21-403] Loading part xc7z020clg400-1
INFO: [Designutils 20-5440] No compile time benefit to using incremental synthesis; A full resynthesis will be run
INFO: [Designutils 20-4379] Flow is switching to default flow due to incremental criteria not met. If you would like to alter this behaviour and have the flow terminate instead, please set the following parameter config_implementation {autoIncr.Synth.RejectBehavior Terminate}
INFO: [Synth 8-7079] Multithreading enabled for synth_design using a maximum of 2 processes.
INFO: [Synth 8-7078] Launching helper process for spawning children vivado processes
INFO: [Synth 8-7075] Helper process launched with PID 12828
---------------------------------------------------------------------------------
Starting RTL Elaboration : Time (s): cpu = 00:00:03 ; elapsed = 00:00:06 . Memory (MB): peak = 1353.598 ; gain = 439.953
---------------------------------------------------------------------------------
INFO: [Synth 8-638] synthesizing module 'uart_block_wrapper' [C:/Users/aksel/OneDrive/Skrivebord/4-semester/DigitalProgrammerbarElektronik/Lab9/lab9project.gen/sources_1/bd/uart_block/hdl/uart_block_wrapper.vhd:25]
INFO: [Synth 8-3491] module 'uart_block' declared at 'c:/Users/aksel/OneDrive/Skrivebord/4-semester/DigitalProgrammerbarElektronik/Lab9/lab9project.gen/sources_1/bd/uart_block/synth/uart_block.vhd:15' bound to instance 'uart_block_i' of component 'uart_block' [C:/Users/aksel/OneDrive/Skrivebord/4-semester/DigitalProgrammerbarElektronik/Lab9/lab9project.gen/sources_1/bd/uart_block/hdl/uart_block_wrapper.vhd:36]
INFO: [Synth 8-638] synthesizing module 'uart_block' [c:/Users/aksel/OneDrive/Skrivebord/4-semester/DigitalProgrammerbarElektronik/Lab9/lab9project.gen/sources_1/bd/uart_block/synth/uart_block.vhd:29]
INFO: [Synth 8-3491] module 'uart_block_clk_divider_emad_0_0' declared at 'C:/Users/aksel/OneDrive/Skrivebord/4-semester/DigitalProgrammerbarElektronik/Lab9/lab9project.runs/synth_1/.Xil/Vivado-14436-Amh2/realtime/uart_block_clk_divider_emad_0_0_stub.vhdl:6' bound to instance 'clk_divider_emad_0' of component 'uart_block_clk_divider_emad_0_0' [c:/Users/aksel/OneDrive/Skrivebord/4-semester/DigitalProgrammerbarElektronik/Lab9/lab9project.gen/sources_1/bd/uart_block/synth/uart_block.vhd:97]
INFO: [Synth 8-638] synthesizing module 'uart_block_clk_divider_emad_0_0' [C:/Users/aksel/OneDrive/Skrivebord/4-semester/DigitalProgrammerbarElektronik/Lab9/lab9project.runs/synth_1/.Xil/Vivado-14436-Amh2/realtime/uart_block_clk_divider_emad_0_0_stub.vhdl:15]
INFO: [Synth 8-3491] module 'uart_block_d_latch_0_0' declared at 'C:/Users/aksel/OneDrive/Skrivebord/4-semester/DigitalProgrammerbarElektronik/Lab9/lab9project.runs/synth_1/.Xil/Vivado-14436-Amh2/realtime/uart_block_d_latch_0_0_stub.vhdl:6' bound to instance 'd_latch_0' of component 'uart_block_d_latch_0_0' [c:/Users/aksel/OneDrive/Skrivebord/4-semester/DigitalProgrammerbarElektronik/Lab9/lab9project.gen/sources_1/bd/uart_block/synth/uart_block.vhd:103]
INFO: [Synth 8-638] synthesizing module 'uart_block_d_latch_0_0' [C:/Users/aksel/OneDrive/Skrivebord/4-semester/DigitalProgrammerbarElektronik/Lab9/lab9project.runs/synth_1/.Xil/Vivado-14436-Amh2/realtime/uart_block_d_latch_0_0_stub.vhdl:15]
INFO: [Synth 8-3491] module 'uart_block_rx_mod_0_0' declared at 'C:/Users/aksel/OneDrive/Skrivebord/4-semester/DigitalProgrammerbarElektronik/Lab9/lab9project.runs/synth_1/.Xil/Vivado-14436-Amh2/realtime/uart_block_rx_mod_0_0_stub.vhdl:6' bound to instance 'rx_mod_0' of component 'uart_block_rx_mod_0_0' [c:/Users/aksel/OneDrive/Skrivebord/4-semester/DigitalProgrammerbarElektronik/Lab9/lab9project.gen/sources_1/bd/uart_block/synth/uart_block.vhd:109]
INFO: [Synth 8-638] synthesizing module 'uart_block_rx_mod_0_0' [C:/Users/aksel/OneDrive/Skrivebord/4-semester/DigitalProgrammerbarElektronik/Lab9/lab9project.runs/synth_1/.Xil/Vivado-14436-Amh2/realtime/uart_block_rx_mod_0_0_stub.vhdl:17]
INFO: [Synth 8-3491] module 'uart_block_tx_mod_0_1' declared at 'C:/Users/aksel/OneDrive/Skrivebord/4-semester/DigitalProgrammerbarElektronik/Lab9/lab9project.runs/synth_1/.Xil/Vivado-14436-Amh2/realtime/uart_block_tx_mod_0_1_stub.vhdl:6' bound to instance 'tx_mod_0' of component 'uart_block_tx_mod_0_1' [c:/Users/aksel/OneDrive/Skrivebord/4-semester/DigitalProgrammerbarElektronik/Lab9/lab9project.gen/sources_1/bd/uart_block/synth/uart_block.vhd:117]
INFO: [Synth 8-638] synthesizing module 'uart_block_tx_mod_0_1' [C:/Users/aksel/OneDrive/Skrivebord/4-semester/DigitalProgrammerbarElektronik/Lab9/lab9project.runs/synth_1/.Xil/Vivado-14436-Amh2/realtime/uart_block_tx_mod_0_1_stub.vhdl:18]
INFO: [Synth 8-3491] module 'uart_block_uart_loop_mod_0_0' declared at 'C:/Users/aksel/OneDrive/Skrivebord/4-semester/DigitalProgrammerbarElektronik/Lab9/lab9project.runs/synth_1/.Xil/Vivado-14436-Amh2/realtime/uart_block_uart_loop_mod_0_0_stub.vhdl:6' bound to instance 'uart_loop_mod_0' of component 'uart_block_uart_loop_mod_0_0' [c:/Users/aksel/OneDrive/Skrivebord/4-semester/DigitalProgrammerbarElektronik/Lab9/lab9project.gen/sources_1/bd/uart_block/synth/uart_block.vhd:126]
INFO: [Synth 8-638] synthesizing module 'uart_block_uart_loop_mod_0_0' [C:/Users/aksel/OneDrive/Skrivebord/4-semester/DigitalProgrammerbarElektronik/Lab9/lab9project.runs/synth_1/.Xil/Vivado-14436-Amh2/realtime/uart_block_uart_loop_mod_0_0_stub.vhdl:19]
INFO: [Synth 8-256] done synthesizing module 'uart_block' (0#1) [c:/Users/aksel/OneDrive/Skrivebord/4-semester/DigitalProgrammerbarElektronik/Lab9/lab9project.gen/sources_1/bd/uart_block/synth/uart_block.vhd:29]
INFO: [Synth 8-256] done synthesizing module 'uart_block_wrapper' (0#1) [C:/Users/aksel/OneDrive/Skrivebord/4-semester/DigitalProgrammerbarElektronik/Lab9/lab9project.gen/sources_1/bd/uart_block/hdl/uart_block_wrapper.vhd:25]
---------------------------------------------------------------------------------
Finished RTL Elaboration : Time (s): cpu = 00:00:05 ; elapsed = 00:00:09 . Memory (MB): peak = 1460.316 ; gain = 546.672
---------------------------------------------------------------------------------
---------------------------------------------------------------------------------
Start Handling Custom Attributes
---------------------------------------------------------------------------------
---------------------------------------------------------------------------------
Finished Handling Custom Attributes : Time (s): cpu = 00:00:05 ; elapsed = 00:00:09 . Memory (MB): peak = 1460.316 ; gain = 546.672
---------------------------------------------------------------------------------
---------------------------------------------------------------------------------
Finished RTL Optimization Phase 1 : Time (s): cpu = 00:00:05 ; elapsed = 00:00:09 . Memory (MB): peak = 1460.316 ; gain = 546.672
---------------------------------------------------------------------------------
Netlist sorting complete. Time (s): cpu = 00:00:00 ; elapsed = 00:00:00 . Memory (MB): peak = 1460.316 ; gain = 0.000
INFO: [Project 1-570] Preparing netlist for logic optimization

Processing XDC Constraints
Initializing timing engine
Parsing XDC File [c:/Users/aksel/OneDrive/Skrivebord/4-semester/DigitalProgrammerbarElektronik/Lab9/lab9project.gen/sources_1/bd/uart_block/ip/uart_block_rx_mod_0_0/uart_block_rx_mod_0_0/uart_block_rx_mod_0_0_in_context.xdc] for cell 'uart_block_i/rx_mod_0'
Finished Parsing XDC File [c:/Users/aksel/OneDrive/Skrivebord/4-semester/DigitalProgrammerbarElektronik/Lab9/lab9project.gen/sources_1/bd/uart_block/ip/uart_block_rx_mod_0_0/uart_block_rx_mod_0_0/uart_block_rx_mod_0_0_in_context.xdc] for cell 'uart_block_i/rx_mod_0'
Parsing XDC File [c:/Users/aksel/OneDrive/Skrivebord/4-semester/DigitalProgrammerbarElektronik/Lab9/lab9project.gen/sources_1/bd/uart_block/ip/uart_block_clk_divider_emad_0_0/uart_block_clk_divider_emad_0_0/uart_block_clk_divider_emad_0_0_in_context.xdc] for cell 'uart_block_i/clk_divider_emad_0'
Finished Parsing XDC File [c:/Users/aksel/OneDrive/Skrivebord/4-semester/DigitalProgrammerbarElektronik/Lab9/lab9project.gen/sources_1/bd/uart_block/ip/uart_block_clk_divider_emad_0_0/uart_block_clk_divider_emad_0_0/uart_block_clk_divider_emad_0_0_in_context.xdc] for cell 'uart_block_i/clk_divider_emad_0'
Parsing XDC File [c:/Users/aksel/OneDrive/Skrivebord/4-semester/DigitalProgrammerbarElektronik/Lab9/lab9project.gen/sources_1/bd/uart_block/ip/uart_block_d_latch_0_0/uart_block_d_latch_0_0/uart_block_d_latch_0_0_in_context.xdc] for cell 'uart_block_i/d_latch_0'
Finished Parsing XDC File [c:/Users/aksel/OneDrive/Skrivebord/4-semester/DigitalProgrammerbarElektronik/Lab9/lab9project.gen/sources_1/bd/uart_block/ip/uart_block_d_latch_0_0/uart_block_d_latch_0_0/uart_block_d_latch_0_0_in_context.xdc] for cell 'uart_block_i/d_latch_0'
Parsing XDC File [c:/Users/aksel/OneDrive/Skrivebord/4-semester/DigitalProgrammerbarElektronik/Lab9/lab9project.gen/sources_1/bd/uart_block/ip/uart_block_uart_loop_mod_0_0/uart_block_uart_loop_mod_0_0/uart_block_uart_loop_mod_0_0_in_context.xdc] for cell 'uart_block_i/uart_loop_mod_0'
Finished Parsing XDC File [c:/Users/aksel/OneDrive/Skrivebord/4-semester/DigitalProgrammerbarElektronik/Lab9/lab9project.gen/sources_1/bd/uart_block/ip/uart_block_uart_loop_mod_0_0/uart_block_uart_loop_mod_0_0/uart_block_uart_loop_mod_0_0_in_context.xdc] for cell 'uart_block_i/uart_loop_mod_0'
Parsing XDC File [c:/Users/aksel/OneDrive/Skrivebord/4-semester/DigitalProgrammerbarElektronik/Lab9/lab9project.gen/sources_1/bd/uart_block/ip/uart_block_tx_mod_0_1/uart_block_tx_mod_0_1/uart_block_tx_mod_0_1_in_context.xdc] for cell 'uart_block_i/tx_mod_0'
Finished Parsing XDC File [c:/Users/aksel/OneDrive/Skrivebord/4-semester/DigitalProgrammerbarElektronik/Lab9/lab9project.gen/sources_1/bd/uart_block/ip/uart_block_tx_mod_0_1/uart_block_tx_mod_0_1/uart_block_tx_mod_0_1_in_context.xdc] for cell 'uart_block_i/tx_mod_0'
Parsing XDC File [C:/Users/aksel/OneDrive/Skrivebord/4-semester/DigitalProgrammerbarElektronik/Lab9/PYNQ-Z2_v1.1.xdc]
WARNING: [Vivado 12-584] No ports matched 'btn1'. [C:/Users/aksel/OneDrive/Skrivebord/4-semester/DigitalProgrammerbarElektronik/Lab9/PYNQ-Z2_v1.1.xdc:35]
WARNING: [Vivado 12-584] No ports matched 'btn2'. [C:/Users/aksel/OneDrive/Skrivebord/4-semester/DigitalProgrammerbarElektronik/Lab9/PYNQ-Z2_v1.1.xdc:36]
WARNING: [Vivado 12-584] No ports matched 'btn3'. [C:/Users/aksel/OneDrive/Skrivebord/4-semester/DigitalProgrammerbarElektronik/Lab9/PYNQ-Z2_v1.1.xdc:37]
WARNING: [Vivado 12-584] No ports matched 'IN1_A'. [C:/Users/aksel/OneDrive/Skrivebord/4-semester/DigitalProgrammerbarElektronik/Lab9/PYNQ-Z2_v1.1.xdc:42]
WARNING: [Vivado 12-584] No ports matched 'EN_A'. [C:/Users/aksel/OneDrive/Skrivebord/4-semester/DigitalProgrammerbarElektronik/Lab9/PYNQ-Z2_v1.1.xdc:43]
WARNING: [Vivado 12-584] No ports matched 'IN2_B'. [C:/Users/aksel/OneDrive/Skrivebord/4-semester/DigitalProgrammerbarElektronik/Lab9/PYNQ-Z2_v1.1.xdc:44]
WARNING: [Vivado 12-584] No ports matched 'IN2_A'. [C:/Users/aksel/OneDrive/Skrivebord/4-semester/DigitalProgrammerbarElektronik/Lab9/PYNQ-Z2_v1.1.xdc:46]
WARNING: [Vivado 12-584] No ports matched 'IN1_B'. [C:/Users/aksel/OneDrive/Skrivebord/4-semester/DigitalProgrammerbarElektronik/Lab9/PYNQ-Z2_v1.1.xdc:47]
WARNING: [Vivado 12-584] No ports matched 'EN_B'. [C:/Users/aksel/OneDrive/Skrivebord/4-semester/DigitalProgrammerbarElektronik/Lab9/PYNQ-Z2_v1.1.xdc:48]
WARNING: [Vivado 12-584] No ports matched 'cols[3]'. [C:/Users/aksel/OneDrive/Skrivebord/4-semester/DigitalProgrammerbarElektronik/Lab9/PYNQ-Z2_v1.1.xdc:94]
WARNING: [Vivado 12-584] No ports matched 'cols[2]'. [C:/Users/aksel/OneDrive/Skrivebord/4-semester/DigitalProgrammerbarElektronik/Lab9/PYNQ-Z2_v1.1.xdc:95]
WARNING: [Vivado 12-584] No ports matched 'cols[1]'. [C:/Users/aksel/OneDrive/Skrivebord/4-semester/DigitalProgrammerbarElektronik/Lab9/PYNQ-Z2_v1.1.xdc:96]
WARNING: [Vivado 12-584] No ports matched 'cols[0]'. [C:/Users/aksel/OneDrive/Skrivebord/4-semester/DigitalProgrammerbarElektronik/Lab9/PYNQ-Z2_v1.1.xdc:97]
WARNING: [Vivado 12-584] No ports matched 'rows[3]'. [C:/Users/aksel/OneDrive/Skrivebord/4-semester/DigitalProgrammerbarElektronik/Lab9/PYNQ-Z2_v1.1.xdc:98]
WARNING: [Vivado 12-584] No ports matched 'rows[2]'. [C:/Users/aksel/OneDrive/Skrivebord/4-semester/DigitalProgrammerbarElektronik/Lab9/PYNQ-Z2_v1.1.xdc:99]
WARNING: [Vivado 12-584] No ports matched 'rows[1]'. [C:/Users/aksel/OneDrive/Skrivebord/4-semester/DigitalProgrammerbarElektronik/Lab9/PYNQ-Z2_v1.1.xdc:100]
WARNING: [Vivado 12-584] No ports matched 'rows[0]'. [C:/Users/aksel/OneDrive/Skrivebord/4-semester/DigitalProgrammerbarElektronik/Lab9/PYNQ-Z2_v1.1.xdc:101]
Finished Parsing XDC File [C:/Users/aksel/OneDrive/Skrivebord/4-semester/DigitalProgrammerbarElektronik/Lab9/PYNQ-Z2_v1.1.xdc]
WARNING: [Project 1-498] One or more constraints failed evaluation while reading constraint file [C:/Users/aksel/OneDrive/Skrivebord/4-semester/DigitalProgrammerbarElektronik/Lab9/PYNQ-Z2_v1.1.xdc] and the design contains unresolved black boxes. These constraints will be read post-synthesis (as long as their source constraint file is marked as used_in_implementation) and should be applied correctly then. You should review the constraints listed in the file [.Xil/uart_block_wrapper_propImpl.xdc] and check the run log file to verify that these constraints were correctly applied.
INFO: [Project 1-236] Implementation specific constraints were found while reading constraint file [C:/Users/aksel/OneDrive/Skrivebord/4-semester/DigitalProgrammerbarElektronik/Lab9/PYNQ-Z2_v1.1.xdc]. These constraints will be ignored for synthesis but will be used in implementation. Impacted constraints are listed in the file [.Xil/uart_block_wrapper_propImpl.xdc].
Resolution: To avoid this warning, move constraints listed in [.Xil/uart_block_wrapper_propImpl.xdc] to another XDC file and exclude this new file from synthesis with the used_in_synthesis property (File Properties dialog in GUI) and re-run elaboration/synthesis.
Parsing XDC File [C:/Users/aksel/OneDrive/Skrivebord/4-semester/DigitalProgrammerbarElektronik/Lab9/lab9project.runs/synth_1/dont_touch.xdc]
Finished Parsing XDC File [C:/Users/aksel/OneDrive/Skrivebord/4-semester/DigitalProgrammerbarElektronik/Lab9/lab9project.runs/synth_1/dont_touch.xdc]
Completed Processing XDC Constraints

Netlist sorting complete. Time (s): cpu = 00:00:00 ; elapsed = 00:00:00 . Memory (MB): peak = 1460.316 ; gain = 0.000
INFO: [Project 1-111] Unisim Transformation Summary:
No Unisim elements were transformed.

The system cannot find the path specified.
Constraint Validation Runtime : Time (s): cpu = 00:00:00 ; elapsed = 00:00:00.003 . Memory (MB): peak = 1460.316 ; gain = 0.000
INFO: [Designutils 20-5440] No compile time benefit to using incremental synthesis; A full resynthesis will be run
INFO: [Designutils 20-4379] Flow is switching to default flow due to incremental criteria not met. If you would like to alter this behaviour and have the flow terminate instead, please set the following parameter config_implementation {autoIncr.Synth.RejectBehavior Terminate}
---------------------------------------------------------------------------------
Finished Constraint Validation : Time (s): cpu = 00:00:12 ; elapsed = 00:00:19 . Memory (MB): peak = 1460.316 ; gain = 546.672
---------------------------------------------------------------------------------
---------------------------------------------------------------------------------
Start Loading Part and Timing Information
---------------------------------------------------------------------------------
Loading part: xc7z020clg400-1
---------------------------------------------------------------------------------
Finished Loading Part and Timing Information : Time (s): cpu = 00:00:12 ; elapsed = 00:00:19 . Memory (MB): peak = 1460.316 ; gain = 546.672
---------------------------------------------------------------------------------
---------------------------------------------------------------------------------
Start Applying 'set_property' XDC Constraints
---------------------------------------------------------------------------------
Applied set_property KEEP_HIERARCHY = SOFT for uart_block_i. (constraint file  auto generated constraint).
Applied set_property KEEP_HIERARCHY = SOFT for uart_block_i/rx_mod_0. (constraint file  auto generated constraint).
Applied set_property KEEP_HIERARCHY = SOFT for uart_block_i/clk_divider_emad_0. (constraint file  auto generated constraint).
Applied set_property KEEP_HIERARCHY = SOFT for uart_block_i/d_latch_0. (constraint file  auto generated constraint).
Applied set_property KEEP_HIERARCHY = SOFT for uart_block_i/uart_loop_mod_0. (constraint file  auto generated constraint).
Applied set_property KEEP_HIERARCHY = SOFT for uart_block_i/tx_mod_0. (constraint file  auto generated constraint).
---------------------------------------------------------------------------------
Finished applying 'set_property' XDC Constraints : Time (s): cpu = 00:00:12 ; elapsed = 00:00:19 . Memory (MB): peak = 1460.316 ; gain = 546.672
---------------------------------------------------------------------------------
---------------------------------------------------------------------------------
Finished RTL Optimization Phase 2 : Time (s): cpu = 00:00:12 ; elapsed = 00:00:19 . Memory (MB): peak = 1460.316 ; gain = 546.672
---------------------------------------------------------------------------------
---------------------------------------------------------------------------------
Start RTL Component Statistics 
---------------------------------------------------------------------------------
Detailed RTL Component Info : 
---------------------------------------------------------------------------------
Finished RTL Component Statistics 
---------------------------------------------------------------------------------
---------------------------------------------------------------------------------
Start Part Resource Summary
---------------------------------------------------------------------------------
Part Resources:
DSPs: 220 (col length:60)
BRAMs: 280 (col length: RAMB18 60 RAMB36 30)
---------------------------------------------------------------------------------
Finished Part Resource Summary
---------------------------------------------------------------------------------
---------------------------------------------------------------------------------
Start Cross Boundary and Area Optimization
---------------------------------------------------------------------------------
WARNING: [Synth 8-7080] Parallel synthesis criteria is not met
---------------------------------------------------------------------------------
Finished Cross Boundary and Area Optimization : Time (s): cpu = 00:00:14 ; elapsed = 00:00:22 . Memory (MB): peak = 1460.316 ; gain = 546.672
---------------------------------------------------------------------------------
---------------------------------------------------------------------------------
Start Applying XDC Timing Constraints
---------------------------------------------------------------------------------
---------------------------------------------------------------------------------
Finished Applying XDC Timing Constraints : Time (s): cpu = 00:00:18 ; elapsed = 00:00:29 . Memory (MB): peak = 1460.316 ; gain = 546.672
---------------------------------------------------------------------------------
---------------------------------------------------------------------------------
Start Timing Optimization
---------------------------------------------------------------------------------
---------------------------------------------------------------------------------
Finished Timing Optimization : Time (s): cpu = 00:00:18 ; elapsed = 00:00:29 . Memory (MB): peak = 1460.316 ; gain = 546.672
---------------------------------------------------------------------------------
---------------------------------------------------------------------------------
Start Technology Mapping
---------------------------------------------------------------------------------
---------------------------------------------------------------------------------
Finished Technology Mapping : Time (s): cpu = 00:00:18 ; elapsed = 00:00:29 . Memory (MB): peak = 1460.316 ; gain = 546.672
---------------------------------------------------------------------------------
---------------------------------------------------------------------------------
Start IO Insertion
---------------------------------------------------------------------------------
---------------------------------------------------------------------------------
Start Flattening Before IO Insertion
---------------------------------------------------------------------------------
---------------------------------------------------------------------------------
Finished Flattening Before IO Insertion
---------------------------------------------------------------------------------
---------------------------------------------------------------------------------
Start Final Netlist Cleanup
---------------------------------------------------------------------------------
---------------------------------------------------------------------------------
Finished Final Netlist Cleanup
---------------------------------------------------------------------------------
---------------------------------------------------------------------------------
Finished IO Insertion : Time (s): cpu = 00:00:22 ; elapsed = 00:00:35 . Memory (MB): peak = 1460.316 ; gain = 546.672
---------------------------------------------------------------------------------
---------------------------------------------------------------------------------
Start Renaming Generated Instances
---------------------------------------------------------------------------------
---------------------------------------------------------------------------------
Finished Renaming Generated Instances : Time (s): cpu = 00:00:22 ; elapsed = 00:00:35 . Memory (MB): peak = 1460.316 ; gain = 546.672
---------------------------------------------------------------------------------
---------------------------------------------------------------------------------
Start Rebuilding User Hierarchy
---------------------------------------------------------------------------------
---------------------------------------------------------------------------------
Finished Rebuilding User Hierarchy : Time (s): cpu = 00:00:22 ; elapsed = 00:00:35 . Memory (MB): peak = 1460.316 ; gain = 546.672
---------------------------------------------------------------------------------
---------------------------------------------------------------------------------
Start Renaming Generated Ports
---------------------------------------------------------------------------------
---------------------------------------------------------------------------------
Finished Renaming Generated Ports : Time (s): cpu = 00:00:22 ; elapsed = 00:00:35 . Memory (MB): peak = 1460.316 ; gain = 546.672
---------------------------------------------------------------------------------
---------------------------------------------------------------------------------
Start Handling Custom Attributes
---------------------------------------------------------------------------------
---------------------------------------------------------------------------------
Finished Handling Custom Attributes : Time (s): cpu = 00:00:22 ; elapsed = 00:00:35 . Memory (MB): peak = 1460.316 ; gain = 546.672
---------------------------------------------------------------------------------
---------------------------------------------------------------------------------
Start Renaming Generated Nets
---------------------------------------------------------------------------------
---------------------------------------------------------------------------------
Finished Renaming Generated Nets : Time (s): cpu = 00:00:22 ; elapsed = 00:00:35 . Memory (MB): peak = 1460.316 ; gain = 546.672
---------------------------------------------------------------------------------
---------------------------------------------------------------------------------
Start Writing Synthesis Report
---------------------------------------------------------------------------------

Report BlackBoxes: 
+------+--------------------------------+----------+
|      |BlackBox name                   |Instances |
+------+--------------------------------+----------+
|1     |uart_block_clk_divider_emad_0_0 |         1|
|2     |uart_block_d_latch_0_0          |         1|
|3     |uart_block_rx_mod_0_0           |         1|
|4     |uart_block_tx_mod_0_1           |         1|
|5     |uart_block_uart_loop_mod_0_0    |         1|
+------+--------------------------------+----------+

Report Cell Usage: 
+------+-------------------------------------+------+
|      |Cell                                 |Count |
+------+-------------------------------------+------+
|1     |uart_block_clk_divider_emad_0_0_bbox |     1|
|2     |uart_block_d_latch_0_0_bbox          |     1|
|3     |uart_block_rx_mod_0_0_bbox           |     1|
|4     |uart_block_tx_mod_0_1_bbox           |     1|
|5     |uart_block_uart_loop_mod_0_0_bbox    |     1|
|6     |IBUF                                 |     3|
|7     |OBUF                                 |     9|
+------+-------------------------------------+------+
---------------------------------------------------------------------------------
Finished Writing Synthesis Report : Time (s): cpu = 00:00:22 ; elapsed = 00:00:35 . Memory (MB): peak = 1460.316 ; gain = 546.672
---------------------------------------------------------------------------------
Synthesis finished with 0 errors, 0 critical warnings and 1 warnings.
Synthesis Optimization Runtime : Time (s): cpu = 00:00:15 ; elapsed = 00:00:33 . Memory (MB): peak = 1460.316 ; gain = 546.672
Synthesis Optimization Complete : Time (s): cpu = 00:00:22 ; elapsed = 00:00:35 . Memory (MB): peak = 1460.316 ; gain = 546.672
INFO: [Project 1-571] Translating synthesized netlist
Netlist sorting complete. Time (s): cpu = 00:00:00 ; elapsed = 00:00:00 . Memory (MB): peak = 1460.676 ; gain = 0.000
INFO: [Project 1-570] Preparing netlist for logic optimization
INFO: [Opt 31-138] Pushed 0 inverter(s) to 0 load pin(s).
Netlist sorting complete. Time (s): cpu = 00:00:00 ; elapsed = 00:00:00 . Memory (MB): peak = 1472.449 ; gain = 0.000
INFO: [Project 1-111] Unisim Transformation Summary:
No Unisim elements were transformed.

The system cannot find the path specified.
Synth Design complete | Checksum: b73c139b
INFO: [Common 17-83] Releasing license: Synthesis
37 Infos, 19 Warnings, 0 Critical Warnings and 0 Errors encountered.
synth_design completed successfully
synth_design: Time (s): cpu = 00:00:26 ; elapsed = 00:00:42 . Memory (MB): peak = 1472.449 ; gain = 983.008
Write ShapeDB Complete: Time (s): cpu = 00:00:00 ; elapsed = 00:00:00 . Memory (MB): peak = 1472.449 ; gain = 0.000
INFO: [Common 17-1381] The checkpoint 'C:/Users/aksel/OneDrive/Skrivebord/4-semester/DigitalProgrammerbarElektronik/Lab9/lab9project.runs/synth_1/uart_block_wrapper.dcp' has been generated.
INFO: [runtcl-4] Executing : report_utilization -file uart_block_wrapper_utilization_synth.rpt -pb uart_block_wrapper_utilization_synth.pb
INFO: [Common 17-206] Exiting Vivado at Wed May 15 15:38:09 2024...
