
*** Running vivado
    with args -log test_wrapper.vds -m64 -product Vivado -mode batch -messageDb vivado.pb -notrace -source test_wrapper.tcl


****** Vivado v2023.2 (64-bit)
  **** SW Build 4029153 on Fri Oct 13 20:13:54 MDT 2023
  **** IP Build 4028589 on Sat Oct 14 00:45:43 MDT 2023
  **** SharedData Build 4025554 on Tue Oct 10 17:18:54 MDT 2023
    ** Copyright 1986-2022 Xilinx, Inc. All Rights Reserved.
    ** Copyright 2022-2023 Advanced Micro Devices, Inc. All Rights Reserved.

source test_wrapper.tcl -notrace
INFO: [IP_Flow 19-234] Refreshing IP repositories
INFO: [IP_Flow 19-1704] No user IP repositories specified
INFO: [IP_Flow 19-2313] Loaded Vivado IP repository '/home/mads/Vivado/2023.2/data/ip'.
Command: read_checkpoint -auto_incremental -incremental /home/mads/Documents/4.semester/DIgitilSystemDesign/PRO4/PRO4.srcs/utils_1/imports/synth_1/test_wrapper.dcp
INFO: [Vivado 12-5825] Read reference checkpoint from /home/mads/Documents/4.semester/DIgitilSystemDesign/PRO4/PRO4.srcs/utils_1/imports/synth_1/test_wrapper.dcp for incremental synthesis
INFO: [Vivado 12-7989] Please ensure there are no constraint changes
Command: synth_design -top test_wrapper -part xc7z020clg400-1
Starting synth_design
Attempting to get a license for feature 'Synthesis' and/or device 'xc7z020'
INFO: [Common 17-349] Got license for feature 'Synthesis' and/or device 'xc7z020'
INFO: [Device 21-403] Loading part xc7z020clg400-1
INFO: [Designutils 20-5440] No compile time benefit to using incremental synthesis; A full resynthesis will be run
INFO: [Designutils 20-4379] Flow is switching to default flow due to incremental criteria not met. If you would like to alter this behaviour and have the flow terminate instead, please set the following parameter config_implementation {autoIncr.Synth.RejectBehavior Terminate}
INFO: [Synth 8-7079] Multithreading enabled for synth_design using a maximum of 4 processes.
INFO: [Synth 8-7078] Launching helper process for spawning children vivado processes
INFO: [Synth 8-7075] Helper process launched with PID 43003
---------------------------------------------------------------------------------
Starting RTL Elaboration : Time (s): cpu = 00:00:03 ; elapsed = 00:00:03 . Memory (MB): peak = 2044.160 ; gain = 404.684 ; free physical = 14843 ; free virtual = 25482
---------------------------------------------------------------------------------
INFO: [Synth 8-6157] synthesizing module 'test_wrapper' [/home/mads/Documents/4.semester/DIgitilSystemDesign/PRO4/PRO4.gen/sources_1/bd/test/hdl/test_wrapper.v:13]
INFO: [Synth 8-6157] synthesizing module 'test' [/home/mads/Documents/4.semester/DIgitilSystemDesign/PRO4/PRO4.gen/sources_1/bd/test/synth/test.v:13]
INFO: [Synth 8-6157] synthesizing module 'test_comparator_0_0' [/home/mads/Documents/4.semester/DIgitilSystemDesign/PRO4/PRO4.runs/synth_1/.Xil/Vivado-42959-madsxps/realtime/test_comparator_0_0_stub.v:6]
INFO: [Synth 8-6155] done synthesizing module 'test_comparator_0_0' (0#1) [/home/mads/Documents/4.semester/DIgitilSystemDesign/PRO4/PRO4.runs/synth_1/.Xil/Vivado-42959-madsxps/realtime/test_comparator_0_0_stub.v:6]
INFO: [Synth 8-6157] synthesizing module 'test_spi_slave_0_0' [/home/mads/Documents/4.semester/DIgitilSystemDesign/PRO4/PRO4.runs/synth_1/.Xil/Vivado-42959-madsxps/realtime/test_spi_slave_0_0_stub.v:6]
INFO: [Synth 8-6155] done synthesizing module 'test_spi_slave_0_0' (0#1) [/home/mads/Documents/4.semester/DIgitilSystemDesign/PRO4/PRO4.runs/synth_1/.Xil/Vivado-42959-madsxps/realtime/test_spi_slave_0_0_stub.v:6]
INFO: [Synth 8-6157] synthesizing module 'test_xlconstant_0_0' [/home/mads/Documents/4.semester/DIgitilSystemDesign/PRO4/PRO4.gen/sources_1/bd/test/ip/test_xlconstant_0_0/synth/test_xlconstant_0_0.v:53]
INFO: [Synth 8-6157] synthesizing module 'xlconstant_v1_1_8_xlconstant' [/home/mads/Documents/4.semester/DIgitilSystemDesign/PRO4/PRO4.gen/sources_1/bd/test/ipshared/d390/hdl/xlconstant_v1_1_vl_rfs.v:68]
INFO: [Synth 8-6155] done synthesizing module 'xlconstant_v1_1_8_xlconstant' (0#1) [/home/mads/Documents/4.semester/DIgitilSystemDesign/PRO4/PRO4.gen/sources_1/bd/test/ipshared/d390/hdl/xlconstant_v1_1_vl_rfs.v:68]
INFO: [Synth 8-6155] done synthesizing module 'test_xlconstant_0_0' (0#1) [/home/mads/Documents/4.semester/DIgitilSystemDesign/PRO4/PRO4.gen/sources_1/bd/test/ip/test_xlconstant_0_0/synth/test_xlconstant_0_0.v:53]
INFO: [Synth 8-6157] synthesizing module 'test_xlconstant_1_0' [/home/mads/Documents/4.semester/DIgitilSystemDesign/PRO4/PRO4.gen/sources_1/bd/test/ip/test_xlconstant_1_0/synth/test_xlconstant_1_0.v:53]
INFO: [Synth 8-6157] synthesizing module 'xlconstant_v1_1_8_xlconstant__parameterized0' [/home/mads/Documents/4.semester/DIgitilSystemDesign/PRO4/PRO4.gen/sources_1/bd/test/ipshared/d390/hdl/xlconstant_v1_1_vl_rfs.v:68]
INFO: [Synth 8-6155] done synthesizing module 'xlconstant_v1_1_8_xlconstant__parameterized0' (0#1) [/home/mads/Documents/4.semester/DIgitilSystemDesign/PRO4/PRO4.gen/sources_1/bd/test/ipshared/d390/hdl/xlconstant_v1_1_vl_rfs.v:68]
INFO: [Synth 8-6155] done synthesizing module 'test_xlconstant_1_0' (0#1) [/home/mads/Documents/4.semester/DIgitilSystemDesign/PRO4/PRO4.gen/sources_1/bd/test/ip/test_xlconstant_1_0/synth/test_xlconstant_1_0.v:53]
INFO: [Synth 8-6155] done synthesizing module 'test' (0#1) [/home/mads/Documents/4.semester/DIgitilSystemDesign/PRO4/PRO4.gen/sources_1/bd/test/synth/test.v:13]
INFO: [Synth 8-6155] done synthesizing module 'test_wrapper' (0#1) [/home/mads/Documents/4.semester/DIgitilSystemDesign/PRO4/PRO4.gen/sources_1/bd/test/hdl/test_wrapper.v:13]
---------------------------------------------------------------------------------
Finished RTL Elaboration : Time (s): cpu = 00:00:04 ; elapsed = 00:00:04 . Memory (MB): peak = 2119.098 ; gain = 479.621 ; free physical = 14739 ; free virtual = 25384
---------------------------------------------------------------------------------
---------------------------------------------------------------------------------
Start Handling Custom Attributes
---------------------------------------------------------------------------------
---------------------------------------------------------------------------------
Finished Handling Custom Attributes : Time (s): cpu = 00:00:04 ; elapsed = 00:00:04 . Memory (MB): peak = 2136.910 ; gain = 497.434 ; free physical = 14737 ; free virtual = 25382
---------------------------------------------------------------------------------
---------------------------------------------------------------------------------
Finished RTL Optimization Phase 1 : Time (s): cpu = 00:00:04 ; elapsed = 00:00:04 . Memory (MB): peak = 2136.910 ; gain = 497.434 ; free physical = 14737 ; free virtual = 25382
---------------------------------------------------------------------------------
Netlist sorting complete. Time (s): cpu = 00:00:00 ; elapsed = 00:00:00 . Memory (MB): peak = 2136.910 ; gain = 0.000 ; free physical = 14737 ; free virtual = 25382
INFO: [Project 1-570] Preparing netlist for logic optimization

Processing XDC Constraints
Initializing timing engine
Parsing XDC File [/home/mads/Documents/4.semester/DIgitilSystemDesign/PRO4/PRO4.gen/sources_1/bd/test/ip/test_spi_slave_0_0/test_spi_slave_0_0/test_spi_slave_0_0_in_context.xdc] for cell 'test_i/spi_slave_0'
Finished Parsing XDC File [/home/mads/Documents/4.semester/DIgitilSystemDesign/PRO4/PRO4.gen/sources_1/bd/test/ip/test_spi_slave_0_0/test_spi_slave_0_0/test_spi_slave_0_0_in_context.xdc] for cell 'test_i/spi_slave_0'
Parsing XDC File [/home/mads/Documents/4.semester/DIgitilSystemDesign/PRO4/PRO4.gen/sources_1/bd/test/ip/test_comparator_0_0/test_comparator_0_0/test_comparator_0_0_in_context.xdc] for cell 'test_i/comparator_0'
Finished Parsing XDC File [/home/mads/Documents/4.semester/DIgitilSystemDesign/PRO4/PRO4.gen/sources_1/bd/test/ip/test_comparator_0_0/test_comparator_0_0/test_comparator_0_0_in_context.xdc] for cell 'test_i/comparator_0'
Parsing XDC File [/home/mads/Documents/4.semester/DIgitilSystemDesign/PYNQ-Z2_v1.0.xdc]
WARNING: [Vivado 12-584] No ports matched 'btn'. [/home/mads/Documents/4.semester/DIgitilSystemDesign/PYNQ-Z2_v1.0.xdc:34]
Finished Parsing XDC File [/home/mads/Documents/4.semester/DIgitilSystemDesign/PYNQ-Z2_v1.0.xdc]
WARNING: [Project 1-498] One or more constraints failed evaluation while reading constraint file [/home/mads/Documents/4.semester/DIgitilSystemDesign/PYNQ-Z2_v1.0.xdc] and the design contains unresolved black boxes. These constraints will be read post-synthesis (as long as their source constraint file is marked as used_in_implementation) and should be applied correctly then. You should review the constraints listed in the file [.Xil/test_wrapper_propImpl.xdc] and check the run log file to verify that these constraints were correctly applied.
INFO: [Project 1-236] Implementation specific constraints were found while reading constraint file [/home/mads/Documents/4.semester/DIgitilSystemDesign/PYNQ-Z2_v1.0.xdc]. These constraints will be ignored for synthesis but will be used in implementation. Impacted constraints are listed in the file [.Xil/test_wrapper_propImpl.xdc].
Resolution: To avoid this warning, move constraints listed in [.Xil/test_wrapper_propImpl.xdc] to another XDC file and exclude this new file from synthesis with the used_in_synthesis property (File Properties dialog in GUI) and re-run elaboration/synthesis.
Parsing XDC File [/home/mads/Documents/4.semester/DIgitilSystemDesign/PRO4/PRO4.runs/synth_1/dont_touch.xdc]
Finished Parsing XDC File [/home/mads/Documents/4.semester/DIgitilSystemDesign/PRO4/PRO4.runs/synth_1/dont_touch.xdc]
Completed Processing XDC Constraints

Netlist sorting complete. Time (s): cpu = 00:00:00 ; elapsed = 00:00:00 . Memory (MB): peak = 2209.848 ; gain = 0.000 ; free physical = 14733 ; free virtual = 25373
INFO: [Project 1-111] Unisim Transformation Summary:
No Unisim elements were transformed.

Constraint Validation Runtime : Time (s): cpu = 00:00:00.01 ; elapsed = 00:00:00 . Memory (MB): peak = 2209.883 ; gain = 0.000 ; free physical = 14733 ; free virtual = 25373
INFO: [Designutils 20-5440] No compile time benefit to using incremental synthesis; A full resynthesis will be run
INFO: [Designutils 20-4379] Flow is switching to default flow due to incremental criteria not met. If you would like to alter this behaviour and have the flow terminate instead, please set the following parameter config_implementation {autoIncr.Synth.RejectBehavior Terminate}
---------------------------------------------------------------------------------
Finished Constraint Validation : Time (s): cpu = 00:00:07 ; elapsed = 00:00:08 . Memory (MB): peak = 2209.883 ; gain = 570.406 ; free physical = 14728 ; free virtual = 25369
---------------------------------------------------------------------------------
---------------------------------------------------------------------------------
Start Loading Part and Timing Information
---------------------------------------------------------------------------------
Loading part: xc7z020clg400-1
---------------------------------------------------------------------------------
Finished Loading Part and Timing Information : Time (s): cpu = 00:00:07 ; elapsed = 00:00:08 . Memory (MB): peak = 2209.883 ; gain = 570.406 ; free physical = 14728 ; free virtual = 25369
---------------------------------------------------------------------------------
---------------------------------------------------------------------------------
Start Applying 'set_property' XDC Constraints
---------------------------------------------------------------------------------
Applied set_property KEEP_HIERARCHY = SOFT for test_i. (constraint file  auto generated constraint).
Applied set_property KEEP_HIERARCHY = SOFT for test_i/spi_slave_0. (constraint file  auto generated constraint).
Applied set_property KEEP_HIERARCHY = SOFT for test_i/comparator_0. (constraint file  auto generated constraint).
Applied set_property KEEP_HIERARCHY = SOFT for test_i/xlconstant_0. (constraint file  auto generated constraint).
Applied set_property KEEP_HIERARCHY = SOFT for test_i/xlconstant_1. (constraint file  auto generated constraint).
---------------------------------------------------------------------------------
Finished applying 'set_property' XDC Constraints : Time (s): cpu = 00:00:07 ; elapsed = 00:00:08 . Memory (MB): peak = 2209.883 ; gain = 570.406 ; free physical = 14728 ; free virtual = 25369
---------------------------------------------------------------------------------
---------------------------------------------------------------------------------
Finished RTL Optimization Phase 2 : Time (s): cpu = 00:00:08 ; elapsed = 00:00:08 . Memory (MB): peak = 2209.883 ; gain = 570.406 ; free physical = 14728 ; free virtual = 25370
---------------------------------------------------------------------------------
---------------------------------------------------------------------------------
Start RTL Component Statistics 
---------------------------------------------------------------------------------
Detailed RTL Component Info : 
---------------------------------------------------------------------------------
Finished RTL Component Statistics 
---------------------------------------------------------------------------------
---------------------------------------------------------------------------------
Start Part Resource Summary
---------------------------------------------------------------------------------
Part Resources:
DSPs: 220 (col length:60)
BRAMs: 280 (col length: RAMB18 60 RAMB36 30)
---------------------------------------------------------------------------------
Finished Part Resource Summary
---------------------------------------------------------------------------------
---------------------------------------------------------------------------------
Start Cross Boundary and Area Optimization
---------------------------------------------------------------------------------
WARNING: [Synth 8-7080] Parallel synthesis criteria is not met
---------------------------------------------------------------------------------
Finished Cross Boundary and Area Optimization : Time (s): cpu = 00:00:08 ; elapsed = 00:00:09 . Memory (MB): peak = 2209.883 ; gain = 570.406 ; free physical = 14718 ; free virtual = 25370
---------------------------------------------------------------------------------
---------------------------------------------------------------------------------
Start Applying XDC Timing Constraints
---------------------------------------------------------------------------------
---------------------------------------------------------------------------------
Finished Applying XDC Timing Constraints : Time (s): cpu = 00:00:11 ; elapsed = 00:00:11 . Memory (MB): peak = 2209.883 ; gain = 570.406 ; free physical = 14728 ; free virtual = 25372
---------------------------------------------------------------------------------
---------------------------------------------------------------------------------
Start Timing Optimization
---------------------------------------------------------------------------------
---------------------------------------------------------------------------------
Finished Timing Optimization : Time (s): cpu = 00:00:11 ; elapsed = 00:00:11 . Memory (MB): peak = 2209.883 ; gain = 570.406 ; free physical = 14728 ; free virtual = 25372
---------------------------------------------------------------------------------
---------------------------------------------------------------------------------
Start Technology Mapping
---------------------------------------------------------------------------------
---------------------------------------------------------------------------------
Finished Technology Mapping : Time (s): cpu = 00:00:11 ; elapsed = 00:00:11 . Memory (MB): peak = 2209.883 ; gain = 570.406 ; free physical = 14728 ; free virtual = 25372
---------------------------------------------------------------------------------
---------------------------------------------------------------------------------
Start IO Insertion
---------------------------------------------------------------------------------
---------------------------------------------------------------------------------
Start Flattening Before IO Insertion
---------------------------------------------------------------------------------
---------------------------------------------------------------------------------
Finished Flattening Before IO Insertion
---------------------------------------------------------------------------------
---------------------------------------------------------------------------------
Start Final Netlist Cleanup
---------------------------------------------------------------------------------
---------------------------------------------------------------------------------
Finished Final Netlist Cleanup
---------------------------------------------------------------------------------
---------------------------------------------------------------------------------
Finished IO Insertion : Time (s): cpu = 00:00:13 ; elapsed = 00:00:13 . Memory (MB): peak = 2209.883 ; gain = 570.406 ; free physical = 14727 ; free virtual = 25371
---------------------------------------------------------------------------------
---------------------------------------------------------------------------------
Start Renaming Generated Instances
---------------------------------------------------------------------------------
---------------------------------------------------------------------------------
Finished Renaming Generated Instances : Time (s): cpu = 00:00:13 ; elapsed = 00:00:13 . Memory (MB): peak = 2209.883 ; gain = 570.406 ; free physical = 14727 ; free virtual = 25371
---------------------------------------------------------------------------------
---------------------------------------------------------------------------------
Start Rebuilding User Hierarchy
---------------------------------------------------------------------------------
---------------------------------------------------------------------------------
Finished Rebuilding User Hierarchy : Time (s): cpu = 00:00:13 ; elapsed = 00:00:13 . Memory (MB): peak = 2209.883 ; gain = 570.406 ; free physical = 14727 ; free virtual = 25371
---------------------------------------------------------------------------------
---------------------------------------------------------------------------------
Start Renaming Generated Ports
---------------------------------------------------------------------------------
---------------------------------------------------------------------------------
Finished Renaming Generated Ports : Time (s): cpu = 00:00:13 ; elapsed = 00:00:13 . Memory (MB): peak = 2209.883 ; gain = 570.406 ; free physical = 14727 ; free virtual = 25371
---------------------------------------------------------------------------------
---------------------------------------------------------------------------------
Start Handling Custom Attributes
---------------------------------------------------------------------------------
---------------------------------------------------------------------------------
Finished Handling Custom Attributes : Time (s): cpu = 00:00:13 ; elapsed = 00:00:13 . Memory (MB): peak = 2209.883 ; gain = 570.406 ; free physical = 14727 ; free virtual = 25371
---------------------------------------------------------------------------------
---------------------------------------------------------------------------------
Start Renaming Generated Nets
---------------------------------------------------------------------------------
---------------------------------------------------------------------------------
Finished Renaming Generated Nets : Time (s): cpu = 00:00:13 ; elapsed = 00:00:13 . Memory (MB): peak = 2209.883 ; gain = 570.406 ; free physical = 14727 ; free virtual = 25371
---------------------------------------------------------------------------------
---------------------------------------------------------------------------------
Start Writing Synthesis Report
---------------------------------------------------------------------------------

Report BlackBoxes: 
+------+--------------------+----------+
|      |BlackBox name       |Instances |
+------+--------------------+----------+
|1     |test_comparator_0_0 |         1|
|2     |test_spi_slave_0_0  |         1|
+------+--------------------+----------+

Report Cell Usage: 
+------+------------------+------+
|      |Cell              |Count |
+------+------------------+------+
|1     |test_comparator_0 |     1|
|2     |test_spi_slave_0  |     1|
|3     |IBUF              |     3|
|4     |OBUF              |     3|
+------+------------------+------+
---------------------------------------------------------------------------------
Finished Writing Synthesis Report : Time (s): cpu = 00:00:13 ; elapsed = 00:00:13 . Memory (MB): peak = 2209.883 ; gain = 570.406 ; free physical = 14727 ; free virtual = 25371
---------------------------------------------------------------------------------
Synthesis finished with 0 errors, 0 critical warnings and 1 warnings.
Synthesis Optimization Runtime : Time (s): cpu = 00:00:12 ; elapsed = 00:00:12 . Memory (MB): peak = 2209.883 ; gain = 497.434 ; free physical = 14727 ; free virtual = 25371
Synthesis Optimization Complete : Time (s): cpu = 00:00:13 ; elapsed = 00:00:13 . Memory (MB): peak = 2209.883 ; gain = 570.406 ; free physical = 14727 ; free virtual = 25371
INFO: [Project 1-571] Translating synthesized netlist
Netlist sorting complete. Time (s): cpu = 00:00:00 ; elapsed = 00:00:00 . Memory (MB): peak = 2209.883 ; gain = 0.000 ; free physical = 14727 ; free virtual = 25371
INFO: [Project 1-570] Preparing netlist for logic optimization
INFO: [Opt 31-138] Pushed 0 inverter(s) to 0 load pin(s).
Netlist sorting complete. Time (s): cpu = 00:00:00 ; elapsed = 00:00:00 . Memory (MB): peak = 2209.883 ; gain = 0.000 ; free physical = 15009 ; free virtual = 25657
INFO: [Project 1-111] Unisim Transformation Summary:
No Unisim elements were transformed.

Synth Design complete | Checksum: edfa7447
INFO: [Common 17-83] Releasing license: Synthesis
38 Infos, 3 Warnings, 0 Critical Warnings and 0 Errors encountered.
synth_design completed successfully
synth_design: Time (s): cpu = 00:00:18 ; elapsed = 00:00:16 . Memory (MB): peak = 2209.883 ; gain = 918.875 ; free physical = 15009 ; free virtual = 25656
INFO: [Common 17-2834] synth_design peak Physical Memory [PSS] (MB): overall = 1817.913; main = 1489.671; forked = 378.829
INFO: [Common 17-2834] synth_design peak Virtual Memory [VSS] (MB): overall = 3167.031; main = 2177.836; forked = 989.195
Write ShapeDB Complete: Time (s): cpu = 00:00:00 ; elapsed = 00:00:00 . Memory (MB): peak = 2209.883 ; gain = 0.000 ; free physical = 15009 ; free virtual = 25656
INFO: [Common 17-1381] The checkpoint '/home/mads/Documents/4.semester/DIgitilSystemDesign/PRO4/PRO4.runs/synth_1/test_wrapper.dcp' has been generated.
INFO: [runtcl-4] Executing : report_utilization -file test_wrapper_utilization_synth.rpt -pb test_wrapper_utilization_synth.pb
INFO: [Common 17-206] Exiting Vivado at Thu Mar 21 13:28:09 2024...
