
*** Running vivado
    with args -log uart_block_wrapper.vdi -applog -m64 -product Vivado -messageDb vivado.pb -mode batch -source uart_block_wrapper.tcl -notrace


ECHO is off.
ECHO is off.

****** Vivado v2023.2.2 (64-bit)
  **** SW Build 4126759 on Thu Feb  8 23:53:51 MST 2024
  **** IP Build 4126054 on Fri Feb  9 11:39:09 MST 2024
  **** SharedData Build 4115275 on Tue Jan 30 00:40:57 MST 2024
    ** Copyright 1986-2022 Xilinx, Inc. All Rights Reserved.
    ** Copyright 2022-2024 Advanced Micro Devices, Inc. All Rights Reserved.

source uart_block_wrapper.tcl -notrace
create_project: Time (s): cpu = 00:00:04 ; elapsed = 00:00:07 . Memory (MB): peak = 478.871 ; gain = 185.984
INFO: [IP_Flow 19-234] Refreshing IP repositories
INFO: [IP_Flow 19-1704] No user IP repositories specified
INFO: [IP_Flow 19-2313] Loaded Vivado IP repository 'C:/Xilinx/Vivado/2023.2/data/ip'.
Command: link_design -top uart_block_wrapper -part xc7z020clg400-1
Design is defaulting to srcset: sources_1
Design is defaulting to constrset: constrs_1
INFO: [Device 21-403] Loading part xc7z020clg400-1
INFO: [Project 1-454] Reading design checkpoint 'c:/Users/aksel/OneDrive/Skrivebord/4-semester/DigitalProgrammerbarElektronik/Lab9/lab9project.gen/sources_1/bd/uart_block/ip/uart_block_clk_divider_emad_0_0/uart_block_clk_divider_emad_0_0.dcp' for cell 'uart_block_i/clk_divider_emad_0'
INFO: [Project 1-454] Reading design checkpoint 'c:/Users/aksel/OneDrive/Skrivebord/4-semester/DigitalProgrammerbarElektronik/Lab9/lab9project.gen/sources_1/bd/uart_block/ip/uart_block_d_latch_0_0/uart_block_d_latch_0_0.dcp' for cell 'uart_block_i/d_latch_0'
INFO: [Project 1-454] Reading design checkpoint 'c:/Users/aksel/OneDrive/Skrivebord/4-semester/DigitalProgrammerbarElektronik/Lab9/lab9project.gen/sources_1/bd/uart_block/ip/uart_block_rx_mod_0_0/uart_block_rx_mod_0_0.dcp' for cell 'uart_block_i/rx_mod_0'
Netlist sorting complete. Time (s): cpu = 00:00:00 ; elapsed = 00:00:00.001 . Memory (MB): peak = 928.750 ; gain = 0.000
INFO: [Project 1-479] Netlist was created with Vivado 2023.2.2
INFO: [Project 1-570] Preparing netlist for logic optimization
Parsing XDC File [C:/Users/aksel/OneDrive/Skrivebord/4-semester/DigitalProgrammerbarElektronik/Lab9/PYNQ-Z2_v1.1.xdc]
WARNING: [Vivado 12-584] No ports matched 'btn1'. [C:/Users/aksel/OneDrive/Skrivebord/4-semester/DigitalProgrammerbarElektronik/Lab9/PYNQ-Z2_v1.1.xdc:35]
CRITICAL WARNING: [Common 17-55] 'set_property' expects at least one object. [C:/Users/aksel/OneDrive/Skrivebord/4-semester/DigitalProgrammerbarElektronik/Lab9/PYNQ-Z2_v1.1.xdc:35]
Resolution: If [get_<value>] was used to populate the object, check to make sure this command returns at least one valid object.
WARNING: [Vivado 12-584] No ports matched 'btn2'. [C:/Users/aksel/OneDrive/Skrivebord/4-semester/DigitalProgrammerbarElektronik/Lab9/PYNQ-Z2_v1.1.xdc:36]
CRITICAL WARNING: [Common 17-55] 'set_property' expects at least one object. [C:/Users/aksel/OneDrive/Skrivebord/4-semester/DigitalProgrammerbarElektronik/Lab9/PYNQ-Z2_v1.1.xdc:36]
Resolution: If [get_<value>] was used to populate the object, check to make sure this command returns at least one valid object.
WARNING: [Vivado 12-584] No ports matched 'btn3'. [C:/Users/aksel/OneDrive/Skrivebord/4-semester/DigitalProgrammerbarElektronik/Lab9/PYNQ-Z2_v1.1.xdc:37]
CRITICAL WARNING: [Common 17-55] 'set_property' expects at least one object. [C:/Users/aksel/OneDrive/Skrivebord/4-semester/DigitalProgrammerbarElektronik/Lab9/PYNQ-Z2_v1.1.xdc:37]
Resolution: If [get_<value>] was used to populate the object, check to make sure this command returns at least one valid object.
WARNING: [Vivado 12-584] No ports matched 'IN1_A'. [C:/Users/aksel/OneDrive/Skrivebord/4-semester/DigitalProgrammerbarElektronik/Lab9/PYNQ-Z2_v1.1.xdc:42]
CRITICAL WARNING: [Common 17-55] 'set_property' expects at least one object. [C:/Users/aksel/OneDrive/Skrivebord/4-semester/DigitalProgrammerbarElektronik/Lab9/PYNQ-Z2_v1.1.xdc:42]
Resolution: If [get_<value>] was used to populate the object, check to make sure this command returns at least one valid object.
WARNING: [Vivado 12-584] No ports matched 'EN_A'. [C:/Users/aksel/OneDrive/Skrivebord/4-semester/DigitalProgrammerbarElektronik/Lab9/PYNQ-Z2_v1.1.xdc:43]
CRITICAL WARNING: [Common 17-55] 'set_property' expects at least one object. [C:/Users/aksel/OneDrive/Skrivebord/4-semester/DigitalProgrammerbarElektronik/Lab9/PYNQ-Z2_v1.1.xdc:43]
Resolution: If [get_<value>] was used to populate the object, check to make sure this command returns at least one valid object.
WARNING: [Vivado 12-584] No ports matched 'IN2_B'. [C:/Users/aksel/OneDrive/Skrivebord/4-semester/DigitalProgrammerbarElektronik/Lab9/PYNQ-Z2_v1.1.xdc:44]
CRITICAL WARNING: [Common 17-55] 'set_property' expects at least one object. [C:/Users/aksel/OneDrive/Skrivebord/4-semester/DigitalProgrammerbarElektronik/Lab9/PYNQ-Z2_v1.1.xdc:44]
Resolution: If [get_<value>] was used to populate the object, check to make sure this command returns at least one valid object.
WARNING: [Vivado 12-584] No ports matched 'IN2_A'. [C:/Users/aksel/OneDrive/Skrivebord/4-semester/DigitalProgrammerbarElektronik/Lab9/PYNQ-Z2_v1.1.xdc:46]
CRITICAL WARNING: [Common 17-55] 'set_property' expects at least one object. [C:/Users/aksel/OneDrive/Skrivebord/4-semester/DigitalProgrammerbarElektronik/Lab9/PYNQ-Z2_v1.1.xdc:46]
Resolution: If [get_<value>] was used to populate the object, check to make sure this command returns at least one valid object.
WARNING: [Vivado 12-584] No ports matched 'IN1_B'. [C:/Users/aksel/OneDrive/Skrivebord/4-semester/DigitalProgrammerbarElektronik/Lab9/PYNQ-Z2_v1.1.xdc:47]
CRITICAL WARNING: [Common 17-55] 'set_property' expects at least one object. [C:/Users/aksel/OneDrive/Skrivebord/4-semester/DigitalProgrammerbarElektronik/Lab9/PYNQ-Z2_v1.1.xdc:47]
Resolution: If [get_<value>] was used to populate the object, check to make sure this command returns at least one valid object.
WARNING: [Vivado 12-584] No ports matched 'EN_B'. [C:/Users/aksel/OneDrive/Skrivebord/4-semester/DigitalProgrammerbarElektronik/Lab9/PYNQ-Z2_v1.1.xdc:48]
CRITICAL WARNING: [Common 17-55] 'set_property' expects at least one object. [C:/Users/aksel/OneDrive/Skrivebord/4-semester/DigitalProgrammerbarElektronik/Lab9/PYNQ-Z2_v1.1.xdc:48]
Resolution: If [get_<value>] was used to populate the object, check to make sure this command returns at least one valid object.
WARNING: [Vivado 12-584] No ports matched 'rxd'. [C:/Users/aksel/OneDrive/Skrivebord/4-semester/DigitalProgrammerbarElektronik/Lab9/PYNQ-Z2_v1.1.xdc:53]
CRITICAL WARNING: [Common 17-55] 'set_property' expects at least one object. [C:/Users/aksel/OneDrive/Skrivebord/4-semester/DigitalProgrammerbarElektronik/Lab9/PYNQ-Z2_v1.1.xdc:53]
Resolution: If [get_<value>] was used to populate the object, check to make sure this command returns at least one valid object.
WARNING: [Vivado 12-584] No ports matched 'cols[3]'. [C:/Users/aksel/OneDrive/Skrivebord/4-semester/DigitalProgrammerbarElektronik/Lab9/PYNQ-Z2_v1.1.xdc:94]
CRITICAL WARNING: [Common 17-55] 'set_property' expects at least one object. [C:/Users/aksel/OneDrive/Skrivebord/4-semester/DigitalProgrammerbarElektronik/Lab9/PYNQ-Z2_v1.1.xdc:94]
Resolution: If [get_<value>] was used to populate the object, check to make sure this command returns at least one valid object.
WARNING: [Vivado 12-584] No ports matched 'cols[2]'. [C:/Users/aksel/OneDrive/Skrivebord/4-semester/DigitalProgrammerbarElektronik/Lab9/PYNQ-Z2_v1.1.xdc:95]
CRITICAL WARNING: [Common 17-55] 'set_property' expects at least one object. [C:/Users/aksel/OneDrive/Skrivebord/4-semester/DigitalProgrammerbarElektronik/Lab9/PYNQ-Z2_v1.1.xdc:95]
Resolution: If [get_<value>] was used to populate the object, check to make sure this command returns at least one valid object.
WARNING: [Vivado 12-584] No ports matched 'cols[1]'. [C:/Users/aksel/OneDrive/Skrivebord/4-semester/DigitalProgrammerbarElektronik/Lab9/PYNQ-Z2_v1.1.xdc:96]
CRITICAL WARNING: [Common 17-55] 'set_property' expects at least one object. [C:/Users/aksel/OneDrive/Skrivebord/4-semester/DigitalProgrammerbarElektronik/Lab9/PYNQ-Z2_v1.1.xdc:96]
Resolution: If [get_<value>] was used to populate the object, check to make sure this command returns at least one valid object.
WARNING: [Vivado 12-584] No ports matched 'cols[0]'. [C:/Users/aksel/OneDrive/Skrivebord/4-semester/DigitalProgrammerbarElektronik/Lab9/PYNQ-Z2_v1.1.xdc:97]
CRITICAL WARNING: [Common 17-55] 'set_property' expects at least one object. [C:/Users/aksel/OneDrive/Skrivebord/4-semester/DigitalProgrammerbarElektronik/Lab9/PYNQ-Z2_v1.1.xdc:97]
Resolution: If [get_<value>] was used to populate the object, check to make sure this command returns at least one valid object.
WARNING: [Vivado 12-584] No ports matched 'rows[3]'. [C:/Users/aksel/OneDrive/Skrivebord/4-semester/DigitalProgrammerbarElektronik/Lab9/PYNQ-Z2_v1.1.xdc:98]
CRITICAL WARNING: [Common 17-55] 'set_property' expects at least one object. [C:/Users/aksel/OneDrive/Skrivebord/4-semester/DigitalProgrammerbarElektronik/Lab9/PYNQ-Z2_v1.1.xdc:98]
Resolution: If [get_<value>] was used to populate the object, check to make sure this command returns at least one valid object.
WARNING: [Vivado 12-584] No ports matched 'rows[2]'. [C:/Users/aksel/OneDrive/Skrivebord/4-semester/DigitalProgrammerbarElektronik/Lab9/PYNQ-Z2_v1.1.xdc:99]
CRITICAL WARNING: [Common 17-55] 'set_property' expects at least one object. [C:/Users/aksel/OneDrive/Skrivebord/4-semester/DigitalProgrammerbarElektronik/Lab9/PYNQ-Z2_v1.1.xdc:99]
Resolution: If [get_<value>] was used to populate the object, check to make sure this command returns at least one valid object.
WARNING: [Vivado 12-584] No ports matched 'rows[1]'. [C:/Users/aksel/OneDrive/Skrivebord/4-semester/DigitalProgrammerbarElektronik/Lab9/PYNQ-Z2_v1.1.xdc:100]
CRITICAL WARNING: [Common 17-55] 'set_property' expects at least one object. [C:/Users/aksel/OneDrive/Skrivebord/4-semester/DigitalProgrammerbarElektronik/Lab9/PYNQ-Z2_v1.1.xdc:100]
Resolution: If [get_<value>] was used to populate the object, check to make sure this command returns at least one valid object.
WARNING: [Vivado 12-584] No ports matched 'rows[0]'. [C:/Users/aksel/OneDrive/Skrivebord/4-semester/DigitalProgrammerbarElektronik/Lab9/PYNQ-Z2_v1.1.xdc:101]
CRITICAL WARNING: [Common 17-55] 'set_property' expects at least one object. [C:/Users/aksel/OneDrive/Skrivebord/4-semester/DigitalProgrammerbarElektronik/Lab9/PYNQ-Z2_v1.1.xdc:101]
Resolution: If [get_<value>] was used to populate the object, check to make sure this command returns at least one valid object.
Finished Parsing XDC File [C:/Users/aksel/OneDrive/Skrivebord/4-semester/DigitalProgrammerbarElektronik/Lab9/PYNQ-Z2_v1.1.xdc]
INFO: [Opt 31-138] Pushed 0 inverter(s) to 0 load pin(s).
Netlist sorting complete. Time (s): cpu = 00:00:00 ; elapsed = 00:00:00 . Memory (MB): peak = 1064.262 ; gain = 0.000
INFO: [Project 1-111] Unisim Transformation Summary:
No Unisim elements were transformed.

The system cannot find the path specified.
11 Infos, 18 Warnings, 18 Critical Warnings and 0 Errors encountered.
link_design completed successfully
link_design: Time (s): cpu = 00:00:04 ; elapsed = 00:00:07 . Memory (MB): peak = 1064.262 ; gain = 573.184
Command: opt_design
Attempting to get a license for feature 'Implementation' and/or device 'xc7z020'
INFO: [Common 17-349] Got license for feature 'Implementation' and/or device 'xc7z020'
Running DRC as a precondition to command opt_design

Starting DRC Task
INFO: [DRC 23-27] Running DRC with 2 threads
INFO: [Project 1-461] DRC finished with 0 Errors
INFO: [Project 1-462] Please refer to the DRC report (report_drc) for more information.

Time (s): cpu = 00:00:01 ; elapsed = 00:00:00.886 . Memory (MB): peak = 1088.262 ; gain = 24.000

Starting Cache Timing Information Task
INFO: [Timing 38-35] Done setting XDC timing constraints.
Ending Cache Timing Information Task | Checksum: 16ec96a81

Time (s): cpu = 00:00:05 ; elapsed = 00:00:07 . Memory (MB): peak = 1639.652 ; gain = 551.391

Starting Logic Optimization Task

Phase 1 Initialization

Phase 1.1 Core Generation And Design Setup
Phase 1.1 Core Generation And Design Setup | Checksum: 16ec96a81

Time (s): cpu = 00:00:00 ; elapsed = 00:00:00 . Memory (MB): peak = 2004.887 ; gain = 0.000

Phase 1.2 Setup Constraints And Sort Netlist
Phase 1.2 Setup Constraints And Sort Netlist | Checksum: 16ec96a81

Time (s): cpu = 00:00:00 ; elapsed = 00:00:00.001 . Memory (MB): peak = 2004.887 ; gain = 0.000
Phase 1 Initialization | Checksum: 16ec96a81

Time (s): cpu = 00:00:00 ; elapsed = 00:00:00.001 . Memory (MB): peak = 2004.887 ; gain = 0.000

Phase 2 Timer Update And Timing Data Collection

Phase 2.1 Timer Update
Phase 2.1 Timer Update | Checksum: 16ec96a81

Time (s): cpu = 00:00:00 ; elapsed = 00:00:00.008 . Memory (MB): peak = 2004.887 ; gain = 0.000

Phase 2.2 Timing Data Collection
Phase 2.2 Timing Data Collection | Checksum: 16ec96a81

Time (s): cpu = 00:00:00 ; elapsed = 00:00:00.011 . Memory (MB): peak = 2004.887 ; gain = 0.000
Phase 2 Timer Update And Timing Data Collection | Checksum: 16ec96a81

Time (s): cpu = 00:00:00 ; elapsed = 00:00:00.011 . Memory (MB): peak = 2004.887 ; gain = 0.000

Phase 3 Retarget
INFO: [Opt 31-138] Pushed 0 inverter(s) to 0 load pin(s).
INFO: [Opt 31-49] Retargeted 0 cell(s).
Phase 3 Retarget | Checksum: 16ec96a81

Time (s): cpu = 00:00:00 ; elapsed = 00:00:00.024 . Memory (MB): peak = 2004.887 ; gain = 0.000
Retarget | Checksum: 16ec96a81
INFO: [Opt 31-389] Phase Retarget created 0 cells and removed 0 cells

Phase 4 Constant propagation
INFO: [Opt 31-138] Pushed 0 inverter(s) to 0 load pin(s).
Phase 4 Constant propagation | Checksum: 16ec96a81

Time (s): cpu = 00:00:00 ; elapsed = 00:00:00.025 . Memory (MB): peak = 2004.887 ; gain = 0.000
Constant propagation | Checksum: 16ec96a81
INFO: [Opt 31-389] Phase Constant propagation created 0 cells and removed 0 cells

Phase 5 Sweep
Phase 5 Sweep | Checksum: 18d15c1a9

Time (s): cpu = 00:00:00 ; elapsed = 00:00:00.029 . Memory (MB): peak = 2004.887 ; gain = 0.000
Sweep | Checksum: 18d15c1a9
INFO: [Opt 31-389] Phase Sweep created 0 cells and removed 16 cells

Phase 6 BUFG optimization
Phase 6 BUFG optimization | Checksum: 18d15c1a9

Time (s): cpu = 00:00:00 ; elapsed = 00:00:00.066 . Memory (MB): peak = 2004.887 ; gain = 0.000
BUFG optimization | Checksum: 18d15c1a9
INFO: [Opt 31-662] Phase BUFG optimization created 0 cells of which 0 are BUFGs and removed 0 cells.

Phase 7 Shift Register Optimization
INFO: [Opt 31-1064] SRL Remap converted 0 SRLs to 0 registers and converted 0 registers of register chains to 0 SRLs
Phase 7 Shift Register Optimization | Checksum: 18d15c1a9

Time (s): cpu = 00:00:00 ; elapsed = 00:00:00.067 . Memory (MB): peak = 2004.887 ; gain = 0.000
Shift Register Optimization | Checksum: 18d15c1a9
INFO: [Opt 31-389] Phase Shift Register Optimization created 0 cells and removed 0 cells

Phase 8 Post Processing Netlist
Phase 8 Post Processing Netlist | Checksum: 18d15c1a9

Time (s): cpu = 00:00:00 ; elapsed = 00:00:00.068 . Memory (MB): peak = 2004.887 ; gain = 0.000
Post Processing Netlist | Checksum: 18d15c1a9
INFO: [Opt 31-389] Phase Post Processing Netlist created 0 cells and removed 0 cells

Phase 9 Finalization

Phase 9.1 Finalizing Design Cores and Updating Shapes
Phase 9.1 Finalizing Design Cores and Updating Shapes | Checksum: 1f487feb5

Time (s): cpu = 00:00:00 ; elapsed = 00:00:00.070 . Memory (MB): peak = 2004.887 ; gain = 0.000

Phase 9.2 Verifying Netlist Connectivity

Starting Connectivity Check Task

Time (s): cpu = 00:00:00 ; elapsed = 00:00:00.001 . Memory (MB): peak = 2004.887 ; gain = 0.000
Phase 9.2 Verifying Netlist Connectivity | Checksum: 1f487feb5

Time (s): cpu = 00:00:00 ; elapsed = 00:00:00.071 . Memory (MB): peak = 2004.887 ; gain = 0.000
Phase 9 Finalization | Checksum: 1f487feb5

Time (s): cpu = 00:00:00 ; elapsed = 00:00:00.071 . Memory (MB): peak = 2004.887 ; gain = 0.000
Opt_design Change Summary
=========================


-------------------------------------------------------------------------------------------------------------------------
|  Phase                        |  #Cells created  |  #Cells Removed  |  #Constrained objects preventing optimizations  |
-------------------------------------------------------------------------------------------------------------------------
|  Retarget                     |               0  |               0  |                                              0  |
|  Constant propagation         |               0  |               0  |                                              0  |
|  Sweep                        |               0  |              16  |                                              0  |
|  BUFG optimization            |               0  |               0  |                                              0  |
|  Shift Register Optimization  |               0  |               0  |                                              0  |
|  Post Processing Netlist      |               0  |               0  |                                              0  |
-------------------------------------------------------------------------------------------------------------------------


Ending Logic Optimization Task | Checksum: 1f487feb5

Time (s): cpu = 00:00:00 ; elapsed = 00:00:00.072 . Memory (MB): peak = 2004.887 ; gain = 0.000
INFO: [Constraints 18-11670] Building netlist checker database with flags, 0x8
Done building netlist checker database: Time (s): cpu = 00:00:00 ; elapsed = 00:00:00 . Memory (MB): peak = 2004.887 ; gain = 0.000

Starting Power Optimization Task
INFO: [Pwropt 34-132] Skipping clock gating for clocks with a period < 2.00 ns.
Ending Power Optimization Task | Checksum: 1f487feb5

Time (s): cpu = 00:00:00 ; elapsed = 00:00:00.008 . Memory (MB): peak = 2004.887 ; gain = 0.000

Starting Final Cleanup Task
Ending Final Cleanup Task | Checksum: 1f487feb5

Time (s): cpu = 00:00:00 ; elapsed = 00:00:00 . Memory (MB): peak = 2004.887 ; gain = 0.000

Starting Netlist Obfuscation Task
Netlist sorting complete. Time (s): cpu = 00:00:00 ; elapsed = 00:00:00 . Memory (MB): peak = 2004.887 ; gain = 0.000
Ending Netlist Obfuscation Task | Checksum: 1f487feb5

Time (s): cpu = 00:00:00 ; elapsed = 00:00:00 . Memory (MB): peak = 2004.887 ; gain = 0.000
INFO: [Common 17-83] Releasing license: Implementation
29 Infos, 18 Warnings, 18 Critical Warnings and 0 Errors encountered.
opt_design completed successfully
opt_design: Time (s): cpu = 00:00:08 ; elapsed = 00:00:11 . Memory (MB): peak = 2004.887 ; gain = 940.625
INFO: [runtcl-4] Executing : report_drc -file uart_block_wrapper_drc_opted.rpt -pb uart_block_wrapper_drc_opted.pb -rpx uart_block_wrapper_drc_opted.rpx
Command: report_drc -file uart_block_wrapper_drc_opted.rpt -pb uart_block_wrapper_drc_opted.pb -rpx uart_block_wrapper_drc_opted.rpx
INFO: [IP_Flow 19-1839] IP Catalog is up to date.
INFO: [DRC 23-27] Running DRC with 2 threads
INFO: [Vivado_Tcl 2-168] The results of DRC are in file C:/Users/aksel/OneDrive/Skrivebord/4-semester/DigitalProgrammerbarElektronik/Lab9/lab9project.runs/impl_1/uart_block_wrapper_drc_opted.rpt.
report_drc completed successfully
INFO: [Timing 38-480] Writing timing data to binary archive.
Write ShapeDB Complete: Time (s): cpu = 00:00:00 ; elapsed = 00:00:00 . Memory (MB): peak = 2004.887 ; gain = 0.000
Wrote PlaceDB: Time (s): cpu = 00:00:00 ; elapsed = 00:00:00.001 . Memory (MB): peak = 2004.887 ; gain = 0.000
Wrote PulsedLatchDB: Time (s): cpu = 00:00:00 ; elapsed = 00:00:00 . Memory (MB): peak = 2004.887 ; gain = 0.000
Writing XDEF routing.
Writing XDEF routing logical nets.
Writing XDEF routing special nets.
Wrote RouteStorage: Time (s): cpu = 00:00:00 ; elapsed = 00:00:00.030 . Memory (MB): peak = 2004.887 ; gain = 0.000
Wrote Netlist Cache: Time (s): cpu = 00:00:00 ; elapsed = 00:00:00 . Memory (MB): peak = 2004.887 ; gain = 0.000
Wrote Device Cache: Time (s): cpu = 00:00:00 ; elapsed = 00:00:00.007 . Memory (MB): peak = 2004.887 ; gain = 0.000
Write Physdb Complete: Time (s): cpu = 00:00:00 ; elapsed = 00:00:00.047 . Memory (MB): peak = 2004.887 ; gain = 0.000
INFO: [Common 17-1381] The checkpoint 'C:/Users/aksel/OneDrive/Skrivebord/4-semester/DigitalProgrammerbarElektronik/Lab9/lab9project.runs/impl_1/uart_block_wrapper_opt.dcp' has been generated.
Command: place_design
Attempting to get a license for feature 'Implementation' and/or device 'xc7z020'
INFO: [Common 17-349] Got license for feature 'Implementation' and/or device 'xc7z020'
INFO: [Common 17-83] Releasing license: Implementation
INFO: [DRC 23-27] Running DRC with 2 threads
INFO: [Vivado_Tcl 4-198] DRC finished with 0 Errors
INFO: [Vivado_Tcl 4-199] Please refer to the DRC report (report_drc) for more information.
Running DRC as a precondition to command place_design
INFO: [DRC 23-27] Running DRC with 2 threads
INFO: [Vivado_Tcl 4-198] DRC finished with 0 Errors
INFO: [Vivado_Tcl 4-199] Please refer to the DRC report (report_drc) for more information.
INFO: [Place 30-611] Multithreading enabled for place_design using a maximum of 2 CPUs

Starting Placer Task

Phase 1 Placer Initialization

Phase 1.1 Placer Initialization Netlist Sorting
Netlist sorting complete. Time (s): cpu = 00:00:00 ; elapsed = 00:00:00.001 . Memory (MB): peak = 2004.887 ; gain = 0.000
Phase 1.1 Placer Initialization Netlist Sorting | Checksum: 150076e52

Time (s): cpu = 00:00:00 ; elapsed = 00:00:00.001 . Memory (MB): peak = 2004.887 ; gain = 0.000
Netlist sorting complete. Time (s): cpu = 00:00:00 ; elapsed = 00:00:00 . Memory (MB): peak = 2004.887 ; gain = 0.000

Phase 1.2 IO Placement/ Clock Placement/ Build Placer Device
INFO: [Timing 38-35] Done setting XDC timing constraints.
Phase 1.2 IO Placement/ Clock Placement/ Build Placer Device | Checksum: bf94a6ea

Time (s): cpu = 00:00:01 ; elapsed = 00:00:00.093 . Memory (MB): peak = 2004.887 ; gain = 0.000

Phase 1.3 Build Placer Netlist Model
Phase 1.3 Build Placer Netlist Model | Checksum: 10231f760

Time (s): cpu = 00:00:01 ; elapsed = 00:00:00.162 . Memory (MB): peak = 2004.887 ; gain = 0.000

Phase 1.4 Constrain Clocks/Macros
Phase 1.4 Constrain Clocks/Macros | Checksum: 10231f760

Time (s): cpu = 00:00:01 ; elapsed = 00:00:00.164 . Memory (MB): peak = 2004.887 ; gain = 0.000
Phase 1 Placer Initialization | Checksum: 10231f760

Time (s): cpu = 00:00:01 ; elapsed = 00:00:00.166 . Memory (MB): peak = 2004.887 ; gain = 0.000

Phase 2 Global Placement

Phase 2.1 Floorplanning
Phase 2.1 Floorplanning | Checksum: 16ec4d8a7

Time (s): cpu = 00:00:01 ; elapsed = 00:00:00.251 . Memory (MB): peak = 2004.887 ; gain = 0.000

Phase 2.2 Update Timing before SLR Path Opt
Phase 2.2 Update Timing before SLR Path Opt | Checksum: 19a711bf0

Time (s): cpu = 00:00:01 ; elapsed = 00:00:00.295 . Memory (MB): peak = 2004.887 ; gain = 0.000

Phase 2.3 Post-Processing in Floorplanning
Phase 2.3 Post-Processing in Floorplanning | Checksum: 19a711bf0

Time (s): cpu = 00:00:01 ; elapsed = 00:00:00.295 . Memory (MB): peak = 2004.887 ; gain = 0.000

Phase 2.4 Global Placement Core

Phase 2.4.1 UpdateTiming Before Physical Synthesis
Phase 2.4.1 UpdateTiming Before Physical Synthesis | Checksum: 1823018a8

Time (s): cpu = 00:00:01 ; elapsed = 00:00:00.617 . Memory (MB): peak = 2004.887 ; gain = 0.000

Phase 2.4.2 Physical Synthesis In Placer
INFO: [Physopt 32-1044] Break lutnm for timing: one critical 0, two critical 0, total 0, new lutff created 0
INFO: [Physopt 32-1138] End 1 Pass. Optimized 0 net or LUT. Breaked 0 LUT, combined 0 existing LUT and moved 0 existing LUT
INFO: [Physopt 32-65] No nets found for high-fanout optimization.
INFO: [Physopt 32-232] Optimized 0 net. Created 0 new instance.
INFO: [Physopt 32-775] End 1 Pass. Optimized 0 net or cell. Created 0 new cell, deleted 0 existing cell and moved 0 existing cell
INFO: [Physopt 32-670] No setup violation found.  DSP Register Optimization was not performed.
INFO: [Physopt 32-670] No setup violation found.  Shift Register to Pipeline Optimization was not performed.
INFO: [Physopt 32-670] No setup violation found.  Shift Register Optimization was not performed.
INFO: [Physopt 32-670] No setup violation found.  BRAM Register Optimization was not performed.
INFO: [Physopt 32-670] No setup violation found.  URAM Register Optimization was not performed.
INFO: [Physopt 32-949] No candidate nets found for dynamic/static region interface net replication
INFO: [Physopt 32-775] End 1 Pass. Optimized 0 net or cell. Created 0 new cell, deleted 0 existing cell and moved 0 existing cell
Netlist sorting complete. Time (s): cpu = 00:00:00 ; elapsed = 00:00:00 . Memory (MB): peak = 2004.887 ; gain = 0.000

Summary of Physical Synthesis Optimizations
============================================


-----------------------------------------------------------------------------------------------------------------------------------------------------------
|  Optimization                                     |  Added Cells  |  Removed Cells  |  Optimized Cells/Nets  |  Dont Touch  |  Iterations  |  Elapsed   |
-----------------------------------------------------------------------------------------------------------------------------------------------------------
|  LUT Combining                                    |            0  |              0  |                     0  |           0  |           1  |  00:00:00  |
|  Retime                                           |            0  |              0  |                     0  |           0  |           1  |  00:00:00  |
|  Very High Fanout                                 |            0  |              0  |                     0  |           0  |           1  |  00:00:00  |
|  DSP Register                                     |            0  |              0  |                     0  |           0  |           0  |  00:00:00  |
|  Shift Register to Pipeline                       |            0  |              0  |                     0  |           0  |           0  |  00:00:00  |
|  Shift Register                                   |            0  |              0  |                     0  |           0  |           0  |  00:00:00  |
|  BRAM Register                                    |            0  |              0  |                     0  |           0  |           0  |  00:00:00  |
|  URAM Register                                    |            0  |              0  |                     0  |           0  |           0  |  00:00:00  |
|  Dynamic/Static Region Interface Net Replication  |            0  |              0  |                     0  |           0  |           1  |  00:00:00  |
|  Total                                            |            0  |              0  |                     0  |           0  |           4  |  00:00:00  |
-----------------------------------------------------------------------------------------------------------------------------------------------------------


Phase 2.4.2 Physical Synthesis In Placer | Checksum: 1823018a8

Time (s): cpu = 00:00:01 ; elapsed = 00:00:00.645 . Memory (MB): peak = 2004.887 ; gain = 0.000
Phase 2.4 Global Placement Core | Checksum: 172358c5c

Time (s): cpu = 00:00:01 ; elapsed = 00:00:00.689 . Memory (MB): peak = 2004.887 ; gain = 0.000
Phase 2 Global Placement | Checksum: 172358c5c

Time (s): cpu = 00:00:01 ; elapsed = 00:00:00.691 . Memory (MB): peak = 2004.887 ; gain = 0.000

Phase 3 Detail Placement

Phase 3.1 Commit Multi Column Macros
Phase 3.1 Commit Multi Column Macros | Checksum: d5fd44ab

Time (s): cpu = 00:00:01 ; elapsed = 00:00:00.729 . Memory (MB): peak = 2004.887 ; gain = 0.000

Phase 3.2 Commit Most Macros & LUTRAMs
Phase 3.2 Commit Most Macros & LUTRAMs | Checksum: f44decdc

Time (s): cpu = 00:00:01 ; elapsed = 00:00:00.863 . Memory (MB): peak = 2004.887 ; gain = 0.000

Phase 3.3 Area Swap Optimization
Phase 3.3 Area Swap Optimization | Checksum: 1454f3f14

Time (s): cpu = 00:00:01 ; elapsed = 00:00:00.868 . Memory (MB): peak = 2004.887 ; gain = 0.000

Phase 3.4 Pipeline Register Optimization
Phase 3.4 Pipeline Register Optimization | Checksum: 18f110028

Time (s): cpu = 00:00:01 ; elapsed = 00:00:00.869 . Memory (MB): peak = 2004.887 ; gain = 0.000

Phase 3.5 Small Shape Detail Placement
Phase 3.5 Small Shape Detail Placement | Checksum: 1f1d5d9d6

Time (s): cpu = 00:00:01 ; elapsed = 00:00:00.973 . Memory (MB): peak = 2004.887 ; gain = 0.000

Phase 3.6 Re-assign LUT pins
Phase 3.6 Re-assign LUT pins | Checksum: 17ccd8a05

Time (s): cpu = 00:00:01 ; elapsed = 00:00:00.976 . Memory (MB): peak = 2004.887 ; gain = 0.000

Phase 3.7 Pipeline Register Optimization
Phase 3.7 Pipeline Register Optimization | Checksum: 13206c911

Time (s): cpu = 00:00:01 ; elapsed = 00:00:00.976 . Memory (MB): peak = 2004.887 ; gain = 0.000
Phase 3 Detail Placement | Checksum: 13206c911

Time (s): cpu = 00:00:01 ; elapsed = 00:00:00.977 . Memory (MB): peak = 2004.887 ; gain = 0.000

Phase 4 Post Placement Optimization and Clean-Up

Phase 4.1 Post Commit Optimization
INFO: [Timing 38-35] Done setting XDC timing constraints.

Phase 4.1.1 Post Placement Optimization
Post Placement Optimization Initialization | Checksum: 1dec3e4d5

Phase 4.1.1.1 BUFG Insertion

Starting Physical Synthesis Task

Phase 1 Physical Synthesis Initialization
INFO: [Physopt 32-721] Multithreading enabled for phys_opt_design using a maximum of 2 CPUs
INFO: [Physopt 32-619] Estimated Timing Summary | WNS=5.257 | TNS=0.000 |
Phase 1 Physical Synthesis Initialization | Checksum: 1f406e6ee

Time (s): cpu = 00:00:00 ; elapsed = 00:00:00.009 . Memory (MB): peak = 2004.887 ; gain = 0.000
INFO: [Place 46-56] BUFG insertion identified 0 candidate nets. Inserted BUFG: 0, Replicated BUFG Driver: 0, Skipped due to Placement/Routing Conflicts: 0, Skipped due to Timing Degradation: 0, Skipped due to netlist editing failed: 0.
Ending Physical Synthesis Task | Checksum: 1f406e6ee

Time (s): cpu = 00:00:00 ; elapsed = 00:00:00.009 . Memory (MB): peak = 2004.887 ; gain = 0.000
Phase 4.1.1.1 BUFG Insertion | Checksum: 1dec3e4d5

Time (s): cpu = 00:00:01 ; elapsed = 00:00:01 . Memory (MB): peak = 2004.887 ; gain = 0.000

Phase 4.1.1.2 Post Placement Timing Optimization
INFO: [Place 30-746] Post Placement Timing Summary WNS=5.257. For the most accurate timing information please run report_timing.
Phase 4.1.1.2 Post Placement Timing Optimization | Checksum: 178d883ce

Time (s): cpu = 00:00:01 ; elapsed = 00:00:01 . Memory (MB): peak = 2004.887 ; gain = 0.000

Time (s): cpu = 00:00:01 ; elapsed = 00:00:01 . Memory (MB): peak = 2004.887 ; gain = 0.000
Phase 4.1 Post Commit Optimization | Checksum: 178d883ce

Time (s): cpu = 00:00:01 ; elapsed = 00:00:01 . Memory (MB): peak = 2004.887 ; gain = 0.000

Phase 4.2 Post Placement Cleanup
Phase 4.2 Post Placement Cleanup | Checksum: 178d883ce

Time (s): cpu = 00:00:01 ; elapsed = 00:00:01 . Memory (MB): peak = 2004.887 ; gain = 0.000

Phase 4.3 Placer Reporting

Phase 4.3.1 Print Estimated Congestion
INFO: [Place 30-612] Post-Placement Estimated Congestion 
 ____________________________________________________
|           | Global Congestion | Short Congestion  |
| Direction | Region Size       | Region Size       |
|___________|___________________|___________________|
|      North|                1x1|                1x1|
|___________|___________________|___________________|
|      South|                1x1|                1x1|
|___________|___________________|___________________|
|       East|                1x1|                1x1|
|___________|___________________|___________________|
|       West|                1x1|                1x1|
|___________|___________________|___________________|

Phase 4.3.1 Print Estimated Congestion | Checksum: 178d883ce

Time (s): cpu = 00:00:01 ; elapsed = 00:00:01 . Memory (MB): peak = 2004.887 ; gain = 0.000
Phase 4.3 Placer Reporting | Checksum: 178d883ce

Time (s): cpu = 00:00:01 ; elapsed = 00:00:01 . Memory (MB): peak = 2004.887 ; gain = 0.000

Phase 4.4 Final Placement Cleanup
Netlist sorting complete. Time (s): cpu = 00:00:00 ; elapsed = 00:00:00 . Memory (MB): peak = 2004.887 ; gain = 0.000

Time (s): cpu = 00:00:01 ; elapsed = 00:00:01 . Memory (MB): peak = 2004.887 ; gain = 0.000
Phase 4 Post Placement Optimization and Clean-Up | Checksum: 99e54b9d

Time (s): cpu = 00:00:01 ; elapsed = 00:00:01 . Memory (MB): peak = 2004.887 ; gain = 0.000
Ending Placer Task | Checksum: 70931e5a

Time (s): cpu = 00:00:01 ; elapsed = 00:00:01 . Memory (MB): peak = 2004.887 ; gain = 0.000
63 Infos, 18 Warnings, 18 Critical Warnings and 0 Errors encountered.
place_design completed successfully
INFO: [runtcl-4] Executing : report_io -file uart_block_wrapper_io_placed.rpt
report_io: Time (s): cpu = 00:00:00 ; elapsed = 00:00:00.048 . Memory (MB): peak = 2004.887 ; gain = 0.000
INFO: [runtcl-4] Executing : report_utilization -file uart_block_wrapper_utilization_placed.rpt -pb uart_block_wrapper_utilization_placed.pb
INFO: [runtcl-4] Executing : report_control_sets -verbose -file uart_block_wrapper_control_sets_placed.rpt
report_control_sets: Time (s): cpu = 00:00:00 ; elapsed = 00:00:00.001 . Memory (MB): peak = 2004.887 ; gain = 0.000
INFO: [Timing 38-480] Writing timing data to binary archive.
Write ShapeDB Complete: Time (s): cpu = 00:00:00 ; elapsed = 00:00:00.001 . Memory (MB): peak = 2004.887 ; gain = 0.000
Wrote PlaceDB: Time (s): cpu = 00:00:00 ; elapsed = 00:00:00.008 . Memory (MB): peak = 2004.887 ; gain = 0.000
Wrote PulsedLatchDB: Time (s): cpu = 00:00:00 ; elapsed = 00:00:00 . Memory (MB): peak = 2004.887 ; gain = 0.000
Writing XDEF routing.
Writing XDEF routing logical nets.
Writing XDEF routing special nets.
Wrote RouteStorage: Time (s): cpu = 00:00:00 ; elapsed = 00:00:00.035 . Memory (MB): peak = 2004.887 ; gain = 0.000
Wrote Netlist Cache: Time (s): cpu = 00:00:00 ; elapsed = 00:00:00 . Memory (MB): peak = 2004.887 ; gain = 0.000
Wrote Device Cache: Time (s): cpu = 00:00:00 ; elapsed = 00:00:00.008 . Memory (MB): peak = 2004.887 ; gain = 0.000
Write Physdb Complete: Time (s): cpu = 00:00:00 ; elapsed = 00:00:00.060 . Memory (MB): peak = 2004.887 ; gain = 0.000
INFO: [Common 17-1381] The checkpoint 'C:/Users/aksel/OneDrive/Skrivebord/4-semester/DigitalProgrammerbarElektronik/Lab9/lab9project.runs/impl_1/uart_block_wrapper_placed.dcp' has been generated.
Command: phys_opt_design
Attempting to get a license for feature 'Implementation' and/or device 'xc7z020'
INFO: [Common 17-349] Got license for feature 'Implementation' and/or device 'xc7z020'

Starting Initial Update Timing Task

Time (s): cpu = 00:00:00 ; elapsed = 00:00:00.034 . Memory (MB): peak = 2004.887 ; gain = 0.000
INFO: [Vivado_Tcl 4-383] Design worst setup slack (WNS) is greater than or equal to 0.000 ns. Skipping all physical synthesis optimizations.
INFO: [Vivado_Tcl 4-232] No setup violation found. The netlist was not modified.
INFO: [Common 17-83] Releasing license: Implementation
72 Infos, 18 Warnings, 18 Critical Warnings and 0 Errors encountered.
phys_opt_design completed successfully
INFO: [Timing 38-480] Writing timing data to binary archive.
Write ShapeDB Complete: Time (s): cpu = 00:00:00 ; elapsed = 00:00:00.003 . Memory (MB): peak = 2018.164 ; gain = 0.000
Wrote PlaceDB: Time (s): cpu = 00:00:00 ; elapsed = 00:00:00.003 . Memory (MB): peak = 2018.164 ; gain = 0.000
Wrote PulsedLatchDB: Time (s): cpu = 00:00:00 ; elapsed = 00:00:00 . Memory (MB): peak = 2018.164 ; gain = 0.000
Writing XDEF routing.
Writing XDEF routing logical nets.
Writing XDEF routing special nets.
Wrote RouteStorage: Time (s): cpu = 00:00:01 ; elapsed = 00:00:00.039 . Memory (MB): peak = 2018.164 ; gain = 0.000
Wrote Netlist Cache: Time (s): cpu = 00:00:00 ; elapsed = 00:00:00 . Memory (MB): peak = 2018.164 ; gain = 0.000
Wrote Device Cache: Time (s): cpu = 00:00:00 ; elapsed = 00:00:00.011 . Memory (MB): peak = 2018.164 ; gain = 0.000
Write Physdb Complete: Time (s): cpu = 00:00:01 ; elapsed = 00:00:00.063 . Memory (MB): peak = 2018.164 ; gain = 0.000
INFO: [Common 17-1381] The checkpoint 'C:/Users/aksel/OneDrive/Skrivebord/4-semester/DigitalProgrammerbarElektronik/Lab9/lab9project.runs/impl_1/uart_block_wrapper_physopt.dcp' has been generated.
Command: route_design
Attempting to get a license for feature 'Implementation' and/or device 'xc7z020'
INFO: [Common 17-349] Got license for feature 'Implementation' and/or device 'xc7z020'
Running DRC as a precondition to command route_design
INFO: [DRC 23-27] Running DRC with 2 threads
INFO: [Vivado_Tcl 4-198] DRC finished with 0 Errors
INFO: [Vivado_Tcl 4-199] Please refer to the DRC report (report_drc) for more information.


Starting Routing Task
INFO: [Route 35-254] Multithreading enabled for route_design using a maximum of 8 CPUs

Phase 1 Build RT Design
Checksum: PlaceDB: 6927f177 ConstDB: 0 ShapeSum: 76b2ce3 RouteDB: 0
Post Restoration Checksum: NetGraph: aa4b5a62 | NumContArr: 5f2cc89c | Constraints: c2a8fa9d | Timing: c2a8fa9d
Phase 1 Build RT Design | Checksum: 28eca1838

Time (s): cpu = 00:00:15 ; elapsed = 00:00:22 . Memory (MB): peak = 2139.875 ; gain = 112.590

Phase 2 Router Initialization

Phase 2.1 Fix Topology Constraints
Phase 2.1 Fix Topology Constraints | Checksum: 28eca1838

Time (s): cpu = 00:00:15 ; elapsed = 00:00:22 . Memory (MB): peak = 2139.875 ; gain = 112.590

Phase 2.2 Pre Route Cleanup
Phase 2.2 Pre Route Cleanup | Checksum: 28eca1838

Time (s): cpu = 00:00:15 ; elapsed = 00:00:22 . Memory (MB): peak = 2139.875 ; gain = 112.590
 Number of Nodes with overlaps = 0

Phase 2.3 Update Timing
Phase 2.3 Update Timing | Checksum: 1a2c9170f

Time (s): cpu = 00:00:15 ; elapsed = 00:00:22 . Memory (MB): peak = 2207.598 ; gain = 180.312
INFO: [Route 35-416] Intermediate Timing Summary | WNS=5.053  | TNS=0.000  | WHS=-0.010 | THS=-0.020 |


Router Utilization Summary
  Global Vertical Routing Utilization    = 0.00119085 %
  Global Horizontal Routing Utilization  = 0.000676133 %
  Routable Net Status*
  *Does not include unroutable nets such as driverless and loadless.
  Run report_route_status for detailed report.
  Number of Failed Nets               = 43
    (Failed Nets is the sum of unrouted and partially routed nets)
  Number of Unrouted Nets             = 42
  Number of Partially Routed Nets     = 1
  Number of Node Overlaps             = 0

Phase 2 Router Initialization | Checksum: 1a71791e3

Time (s): cpu = 00:00:15 ; elapsed = 00:00:23 . Memory (MB): peak = 2212.086 ; gain = 184.801

Phase 3 Initial Routing

Phase 3.1 Global Routing
Phase 3.1 Global Routing | Checksum: 1a71791e3

Time (s): cpu = 00:00:15 ; elapsed = 00:00:23 . Memory (MB): peak = 2212.086 ; gain = 184.801

Phase 3.2 Initial Net Routing
Phase 3.2 Initial Net Routing | Checksum: 2b0a4d883

Time (s): cpu = 00:00:15 ; elapsed = 00:00:23 . Memory (MB): peak = 2212.086 ; gain = 184.801
Phase 3 Initial Routing | Checksum: 2b0a4d883

Time (s): cpu = 00:00:15 ; elapsed = 00:00:23 . Memory (MB): peak = 2212.086 ; gain = 184.801

Phase 4 Rip-up And Reroute

Phase 4.1 Global Iteration 0
 Number of Nodes with overlaps = 4
 Number of Nodes with overlaps = 0
INFO: [Route 35-416] Intermediate Timing Summary | WNS=4.810  | TNS=0.000  | WHS=N/A    | THS=N/A    |

Phase 4.1 Global Iteration 0 | Checksum: 149eb334b

Time (s): cpu = 00:00:15 ; elapsed = 00:00:23 . Memory (MB): peak = 2212.086 ; gain = 184.801
Phase 4 Rip-up And Reroute | Checksum: 149eb334b

Time (s): cpu = 00:00:15 ; elapsed = 00:00:23 . Memory (MB): peak = 2212.086 ; gain = 184.801

Phase 5 Delay and Skew Optimization

Phase 5.1 Delay CleanUp
Phase 5.1 Delay CleanUp | Checksum: 149eb334b

Time (s): cpu = 00:00:15 ; elapsed = 00:00:23 . Memory (MB): peak = 2212.086 ; gain = 184.801

Phase 5.2 Clock Skew Optimization
Phase 5.2 Clock Skew Optimization | Checksum: 149eb334b

Time (s): cpu = 00:00:15 ; elapsed = 00:00:23 . Memory (MB): peak = 2212.086 ; gain = 184.801
Phase 5 Delay and Skew Optimization | Checksum: 149eb334b

Time (s): cpu = 00:00:15 ; elapsed = 00:00:23 . Memory (MB): peak = 2212.086 ; gain = 184.801

Phase 6 Post Hold Fix

Phase 6.1 Hold Fix Iter

Phase 6.1.1 Update Timing
Phase 6.1.1 Update Timing | Checksum: 1a2fc61e5

Time (s): cpu = 00:00:15 ; elapsed = 00:00:23 . Memory (MB): peak = 2212.086 ; gain = 184.801
INFO: [Route 35-416] Intermediate Timing Summary | WNS=4.810  | TNS=0.000  | WHS=0.129  | THS=0.000  |

Phase 6.1 Hold Fix Iter | Checksum: 1a2fc61e5

Time (s): cpu = 00:00:15 ; elapsed = 00:00:23 . Memory (MB): peak = 2212.086 ; gain = 184.801
Phase 6 Post Hold Fix | Checksum: 1a2fc61e5

Time (s): cpu = 00:00:15 ; elapsed = 00:00:23 . Memory (MB): peak = 2212.086 ; gain = 184.801

Phase 7 Route finalize

Router Utilization Summary
  Global Vertical Routing Utilization    = 0.0108212 %
  Global Horizontal Routing Utilization  = 0.00616971 %
  Routable Net Status*
  *Does not include unroutable nets such as driverless and loadless.
  Run report_route_status for detailed report.
  Number of Failed Nets               = 0
    (Failed Nets is the sum of unrouted and partially routed nets)
  Number of Unrouted Nets             = 0
  Number of Partially Routed Nets     = 0
  Number of Node Overlaps             = 0

Phase 7 Route finalize | Checksum: 1a2fc61e5

Time (s): cpu = 00:00:15 ; elapsed = 00:00:23 . Memory (MB): peak = 2212.086 ; gain = 184.801

Phase 8 Verifying routed nets

 Verification completed successfully
Phase 8 Verifying routed nets | Checksum: 1a2fc61e5

Time (s): cpu = 00:00:15 ; elapsed = 00:00:23 . Memory (MB): peak = 2212.086 ; gain = 184.801

Phase 9 Depositing Routes
Phase 9 Depositing Routes | Checksum: 22abb827d

Time (s): cpu = 00:00:15 ; elapsed = 00:00:23 . Memory (MB): peak = 2212.086 ; gain = 184.801

Phase 10 Post Router Timing
INFO: [Route 35-57] Estimated Timing Summary | WNS=4.810  | TNS=0.000  | WHS=0.129  | THS=0.000  |

INFO: [Route 35-327] The final timing numbers are based on the router estimated timing analysis. For a complete and accurate timing signoff, please run report_timing_summary.
Phase 10 Post Router Timing | Checksum: 22abb827d

Time (s): cpu = 00:00:15 ; elapsed = 00:00:23 . Memory (MB): peak = 2212.086 ; gain = 184.801
INFO: [Route 35-16] Router Completed Successfully

Phase 11 Post-Route Event Processing
Phase 11 Post-Route Event Processing | Checksum: 95670481

Time (s): cpu = 00:00:15 ; elapsed = 00:00:23 . Memory (MB): peak = 2212.086 ; gain = 184.801
Ending Routing Task | Checksum: 95670481

Time (s): cpu = 00:00:15 ; elapsed = 00:00:23 . Memory (MB): peak = 2212.086 ; gain = 184.801

Routing Is Done.
INFO: [Common 17-83] Releasing license: Implementation
86 Infos, 18 Warnings, 18 Critical Warnings and 0 Errors encountered.
route_design completed successfully
route_design: Time (s): cpu = 00:00:15 ; elapsed = 00:00:23 . Memory (MB): peak = 2212.086 ; gain = 193.922
INFO: [runtcl-4] Executing : report_drc -file uart_block_wrapper_drc_routed.rpt -pb uart_block_wrapper_drc_routed.pb -rpx uart_block_wrapper_drc_routed.rpx
Command: report_drc -file uart_block_wrapper_drc_routed.rpt -pb uart_block_wrapper_drc_routed.pb -rpx uart_block_wrapper_drc_routed.rpx
INFO: [IP_Flow 19-1839] IP Catalog is up to date.
INFO: [DRC 23-27] Running DRC with 2 threads
INFO: [Vivado_Tcl 2-168] The results of DRC are in file C:/Users/aksel/OneDrive/Skrivebord/4-semester/DigitalProgrammerbarElektronik/Lab9/lab9project.runs/impl_1/uart_block_wrapper_drc_routed.rpt.
report_drc completed successfully
INFO: [runtcl-4] Executing : report_methodology -file uart_block_wrapper_methodology_drc_routed.rpt -pb uart_block_wrapper_methodology_drc_routed.pb -rpx uart_block_wrapper_methodology_drc_routed.rpx
Command: report_methodology -file uart_block_wrapper_methodology_drc_routed.rpt -pb uart_block_wrapper_methodology_drc_routed.pb -rpx uart_block_wrapper_methodology_drc_routed.rpx
INFO: [Timing 38-35] Done setting XDC timing constraints.
INFO: [DRC 23-133] Running Methodology with 2 threads
INFO: [Vivado_Tcl 2-1520] The results of Report Methodology are in file C:/Users/aksel/OneDrive/Skrivebord/4-semester/DigitalProgrammerbarElektronik/Lab9/lab9project.runs/impl_1/uart_block_wrapper_methodology_drc_routed.rpt.
report_methodology completed successfully
INFO: [runtcl-4] Executing : report_power -file uart_block_wrapper_power_routed.rpt -pb uart_block_wrapper_power_summary_routed.pb -rpx uart_block_wrapper_power_routed.rpx
Command: report_power -file uart_block_wrapper_power_routed.rpt -pb uart_block_wrapper_power_summary_routed.pb -rpx uart_block_wrapper_power_routed.rpx
INFO: [Timing 38-35] Done setting XDC timing constraints.
Running Vector-less Activity Propagation...

Finished Running Vector-less Activity Propagation
96 Infos, 18 Warnings, 18 Critical Warnings and 0 Errors encountered.
report_power completed successfully
INFO: [runtcl-4] Executing : report_route_status -file uart_block_wrapper_route_status.rpt -pb uart_block_wrapper_route_status.pb
INFO: [runtcl-4] Executing : report_timing_summary -max_paths 10 -report_unconstrained -file uart_block_wrapper_timing_summary_routed.rpt -pb uart_block_wrapper_timing_summary_routed.pb -rpx uart_block_wrapper_timing_summary_routed.rpx -warn_on_violation 
INFO: [Timing 38-91] UpdateTimingParams: Speed grade: -1, Delay Type: min_max.
INFO: [Timing 38-191] Multithreading enabled for timing update using a maximum of 2 CPUs
INFO: [runtcl-4] Executing : report_incremental_reuse -file uart_block_wrapper_incremental_reuse_routed.rpt
INFO: [Vivado_Tcl 4-1062] Incremental flow is disabled. No incremental reuse Info to report.
INFO: [runtcl-4] Executing : report_clock_utilization -file uart_block_wrapper_clock_utilization_routed.rpt
INFO: [runtcl-4] Executing : report_bus_skew -warn_on_violation -file uart_block_wrapper_bus_skew_routed.rpt -pb uart_block_wrapper_bus_skew_routed.pb -rpx uart_block_wrapper_bus_skew_routed.rpx
INFO: [Timing 38-91] UpdateTimingParams: Speed grade: -1, Delay Type: min_max.
INFO: [Timing 38-191] Multithreading enabled for timing update using a maximum of 2 CPUs
INFO: [Timing 38-480] Writing timing data to binary archive.
Write ShapeDB Complete: Time (s): cpu = 00:00:00 ; elapsed = 00:00:00.007 . Memory (MB): peak = 2212.086 ; gain = 0.000
Wrote PlaceDB: Time (s): cpu = 00:00:00 ; elapsed = 00:00:00.007 . Memory (MB): peak = 2212.086 ; gain = 0.000
Wrote PulsedLatchDB: Time (s): cpu = 00:00:00 ; elapsed = 00:00:00 . Memory (MB): peak = 2212.086 ; gain = 0.000
Writing XDEF routing.
Writing XDEF routing logical nets.
Writing XDEF routing special nets.
Wrote RouteStorage: Time (s): cpu = 00:00:00 ; elapsed = 00:00:00.052 . Memory (MB): peak = 2212.086 ; gain = 0.000
Wrote Netlist Cache: Time (s): cpu = 00:00:00 ; elapsed = 00:00:00.001 . Memory (MB): peak = 2212.086 ; gain = 0.000
Wrote Device Cache: Time (s): cpu = 00:00:00 ; elapsed = 00:00:00.011 . Memory (MB): peak = 2212.086 ; gain = 0.000
Write Physdb Complete: Time (s): cpu = 00:00:00 ; elapsed = 00:00:00.085 . Memory (MB): peak = 2212.086 ; gain = 0.000
INFO: [Common 17-1381] The checkpoint 'C:/Users/aksel/OneDrive/Skrivebord/4-semester/DigitalProgrammerbarElektronik/Lab9/lab9project.runs/impl_1/uart_block_wrapper_routed.dcp' has been generated.
Command: write_bitstream -force uart_block_wrapper.bit
Attempting to get a license for feature 'Implementation' and/or device 'xc7z020'
INFO: [Common 17-349] Got license for feature 'Implementation' and/or device 'xc7z020'
Running DRC as a precondition to command write_bitstream
INFO: [IP_Flow 19-1839] IP Catalog is up to date.
INFO: [DRC 23-27] Running DRC with 2 threads
WARNING: [DRC ZPS7-1] PS7 block required: The PS7 cell must be used in this Zynq design in order to enable correct default configuration.
INFO: [Vivado 12-3199] DRC finished with 0 Errors, 1 Warnings
INFO: [Vivado 12-3200] Please refer to the DRC report (report_drc) for more information.
INFO: [Designutils 20-2272] Running write_bitstream with 2 threads.
Loading data files...
Loading site data...
Loading route data...
Processing options...
Creating bitmap...
Creating bitstream...
Writing bitstream ./uart_block_wrapper.bit...
INFO: [Vivado 12-1842] Bitgen Completed Successfully.
INFO: [Project 1-1876] WebTalk data collection is mandatory when using a ULT device. To see the specific WebTalk data collected for your design, open the usage_statistics_webtalk.html or usage_statistics_webtalk.xml file in the implementation directory.
INFO: [Common 17-83] Releasing license: Implementation
14 Infos, 1 Warnings, 0 Critical Warnings and 0 Errors encountered.
write_bitstream completed successfully
write_bitstream: Time (s): cpu = 00:00:06 ; elapsed = 00:00:11 . Memory (MB): peak = 2611.793 ; gain = 399.707
INFO: [Common 17-206] Exiting Vivado at Wed May  8 15:36:58 2024...
