
*** Running vivado
    with args -log pwm_block_demultiplexer_1x2_0_2.vds -m64 -product Vivado -mode batch -messageDb vivado.pb -notrace -source pwm_block_demultiplexer_1x2_0_2.tcl


ECHO is off.
ECHO is off.

****** Vivado v2023.2.2 (64-bit)
  **** SW Build 4126759 on Thu Feb  8 23:53:51 MST 2024
  **** IP Build 4126054 on Fri Feb  9 11:39:09 MST 2024
  **** SharedData Build 4115275 on Tue Jan 30 00:40:57 MST 2024
    ** Copyright 1986-2022 Xilinx, Inc. All Rights Reserved.
    ** Copyright 2022-2024 Advanced Micro Devices, Inc. All Rights Reserved.

source pwm_block_demultiplexer_1x2_0_2.tcl -notrace
create_project: Time (s): cpu = 00:00:01 ; elapsed = 00:00:06 . Memory (MB): peak = 478.824 ; gain = 185.480
INFO: [IP_Flow 19-234] Refreshing IP repositories
INFO: [IP_Flow 19-1704] No user IP repositories specified
INFO: [IP_Flow 19-2313] Loaded Vivado IP repository 'C:/Xilinx/Vivado/2023.2/data/ip'.
WARNING: [IP_Flow 19-4995] The host OS only allows 260 characters in a normal path. The IP cache path is more than 80 characters. If you experience issues with IP caching, please consider changing the IP cache to a location with a shorter path. Alternately consider using the OS subst command to map part of the path to a drive letter. 
Current IP cache path is c:/Users/aksel/OneDrive/Skrivebord/4-semester/DigitalProgrammerbarElektronik/Lab4/lab4project.cache/ip 
Command: synth_design -top pwm_block_demultiplexer_1x2_0_2 -part xc7z020clg400-1 -incremental_mode off -mode out_of_context
Starting synth_design
Attempting to get a license for feature 'Synthesis' and/or device 'xc7z020'
INFO: [Common 17-349] Got license for feature 'Synthesis' and/or device 'xc7z020'
INFO: [Designutils 20-5008] Incremental synthesis strategy off
INFO: [Synth 8-7079] Multithreading enabled for synth_design using a maximum of 2 processes.
INFO: [Synth 8-7078] Launching helper process for spawning children vivado processes
INFO: [Synth 8-7075] Helper process launched with PID 19700
---------------------------------------------------------------------------------
Starting Synthesize : Time (s): cpu = 00:00:03 ; elapsed = 00:00:05 . Memory (MB): peak = 938.125 ; gain = 438.250
---------------------------------------------------------------------------------
INFO: [Synth 8-638] synthesizing module 'pwm_block_demultiplexer_1x2_0_2' [c:/Users/aksel/OneDrive/Skrivebord/4-semester/DigitalProgrammerbarElektronik/Lab4/lab4project.gen/sources_1/bd/pwm_block/ip/pwm_block_demultiplexer_1x2_0_2/synth/pwm_block_demultiplexer_1x2_0_2.vhd:65]
INFO: [Synth 8-3491] module 'demultiplexer_1x2' declared at 'C:/Users/aksel/OneDrive/Skrivebord/4-semester/DigitalProgrammerbarElektronik/Lab4/lab4project.srcs/sources_1/new/demultiplexer_1x2.vhd:34' bound to instance 'U0' of component 'demultiplexer_1x2' [c:/Users/aksel/OneDrive/Skrivebord/4-semester/DigitalProgrammerbarElektronik/Lab4/lab4project.gen/sources_1/bd/pwm_block/ip/pwm_block_demultiplexer_1x2_0_2/synth/pwm_block_demultiplexer_1x2_0_2.vhd:85]
INFO: [Synth 8-638] synthesizing module 'demultiplexer_1x2' [C:/Users/aksel/OneDrive/Skrivebord/4-semester/DigitalProgrammerbarElektronik/Lab4/lab4project.srcs/sources_1/new/demultiplexer_1x2.vhd:42]
INFO: [Synth 8-256] done synthesizing module 'demultiplexer_1x2' (0#1) [C:/Users/aksel/OneDrive/Skrivebord/4-semester/DigitalProgrammerbarElektronik/Lab4/lab4project.srcs/sources_1/new/demultiplexer_1x2.vhd:42]
INFO: [Synth 8-256] done synthesizing module 'pwm_block_demultiplexer_1x2_0_2' (0#1) [c:/Users/aksel/OneDrive/Skrivebord/4-semester/DigitalProgrammerbarElektronik/Lab4/lab4project.gen/sources_1/bd/pwm_block/ip/pwm_block_demultiplexer_1x2_0_2/synth/pwm_block_demultiplexer_1x2_0_2.vhd:65]
---------------------------------------------------------------------------------
Finished Synthesize : Time (s): cpu = 00:00:04 ; elapsed = 00:00:07 . Memory (MB): peak = 1045.422 ; gain = 545.547
---------------------------------------------------------------------------------
---------------------------------------------------------------------------------
Finished Constraint Validation : Time (s): cpu = 00:00:05 ; elapsed = 00:00:07 . Memory (MB): peak = 1045.422 ; gain = 545.547
---------------------------------------------------------------------------------
---------------------------------------------------------------------------------
Start Loading Part and Timing Information
---------------------------------------------------------------------------------
Loading part: xc7z020clg400-1
---------------------------------------------------------------------------------
Finished Loading Part and Timing Information : Time (s): cpu = 00:00:05 ; elapsed = 00:00:07 . Memory (MB): peak = 1045.422 ; gain = 545.547
---------------------------------------------------------------------------------
INFO: [Device 21-403] Loading part xc7z020clg400-1
---------------------------------------------------------------------------------
Finished RTL Optimization Phase 2 : Time (s): cpu = 00:00:05 ; elapsed = 00:00:07 . Memory (MB): peak = 1045.422 ; gain = 545.547
---------------------------------------------------------------------------------
No constraint files found.
---------------------------------------------------------------------------------
Start RTL Component Statistics 
---------------------------------------------------------------------------------
Detailed RTL Component Info : 
---------------------------------------------------------------------------------
Finished RTL Component Statistics 
---------------------------------------------------------------------------------
---------------------------------------------------------------------------------
Start Part Resource Summary
---------------------------------------------------------------------------------
Part Resources:
DSPs: 220 (col length:60)
BRAMs: 280 (col length: RAMB18 60 RAMB36 30)
---------------------------------------------------------------------------------
Finished Part Resource Summary
---------------------------------------------------------------------------------
No constraint files found.
---------------------------------------------------------------------------------
Start Cross Boundary and Area Optimization
---------------------------------------------------------------------------------
WARNING: [Synth 8-7080] Parallel synthesis criteria is not met
---------------------------------------------------------------------------------
Finished Cross Boundary and Area Optimization : Time (s): cpu = 00:00:08 ; elapsed = 00:00:15 . Memory (MB): peak = 1242.863 ; gain = 742.988
---------------------------------------------------------------------------------
No constraint files found.
---------------------------------------------------------------------------------
Start Timing Optimization
---------------------------------------------------------------------------------
---------------------------------------------------------------------------------
Finished Timing Optimization : Time (s): cpu = 00:00:08 ; elapsed = 00:00:15 . Memory (MB): peak = 1242.863 ; gain = 742.988
---------------------------------------------------------------------------------
---------------------------------------------------------------------------------
Start Technology Mapping
---------------------------------------------------------------------------------
---------------------------------------------------------------------------------
Finished Technology Mapping : Time (s): cpu = 00:00:08 ; elapsed = 00:00:15 . Memory (MB): peak = 1242.863 ; gain = 742.988
---------------------------------------------------------------------------------
---------------------------------------------------------------------------------
Start IO Insertion
---------------------------------------------------------------------------------
---------------------------------------------------------------------------------
Start Flattening Before IO Insertion
---------------------------------------------------------------------------------
---------------------------------------------------------------------------------
Finished Flattening Before IO Insertion
---------------------------------------------------------------------------------
---------------------------------------------------------------------------------
Start Final Netlist Cleanup
---------------------------------------------------------------------------------
---------------------------------------------------------------------------------
Finished Final Netlist Cleanup
---------------------------------------------------------------------------------
---------------------------------------------------------------------------------
Finished IO Insertion : Time (s): cpu = 00:00:11 ; elapsed = 00:00:18 . Memory (MB): peak = 1242.863 ; gain = 742.988
---------------------------------------------------------------------------------
---------------------------------------------------------------------------------
Start Renaming Generated Instances
---------------------------------------------------------------------------------
---------------------------------------------------------------------------------
Finished Renaming Generated Instances : Time (s): cpu = 00:00:11 ; elapsed = 00:00:18 . Memory (MB): peak = 1242.863 ; gain = 742.988
---------------------------------------------------------------------------------
---------------------------------------------------------------------------------
Start Rebuilding User Hierarchy
---------------------------------------------------------------------------------
---------------------------------------------------------------------------------
Finished Rebuilding User Hierarchy : Time (s): cpu = 00:00:11 ; elapsed = 00:00:18 . Memory (MB): peak = 1242.863 ; gain = 742.988
---------------------------------------------------------------------------------
---------------------------------------------------------------------------------
Start Renaming Generated Ports
---------------------------------------------------------------------------------
---------------------------------------------------------------------------------
Finished Renaming Generated Ports : Time (s): cpu = 00:00:11 ; elapsed = 00:00:18 . Memory (MB): peak = 1242.863 ; gain = 742.988
---------------------------------------------------------------------------------
---------------------------------------------------------------------------------
Start Handling Custom Attributes
---------------------------------------------------------------------------------
---------------------------------------------------------------------------------
Finished Handling Custom Attributes : Time (s): cpu = 00:00:11 ; elapsed = 00:00:18 . Memory (MB): peak = 1242.863 ; gain = 742.988
---------------------------------------------------------------------------------
---------------------------------------------------------------------------------
Start Renaming Generated Nets
---------------------------------------------------------------------------------
---------------------------------------------------------------------------------
Finished Renaming Generated Nets : Time (s): cpu = 00:00:11 ; elapsed = 00:00:18 . Memory (MB): peak = 1242.863 ; gain = 742.988
---------------------------------------------------------------------------------
---------------------------------------------------------------------------------
Start Writing Synthesis Report
---------------------------------------------------------------------------------

Report BlackBoxes: 
+-+--------------+----------+
| |BlackBox name |Instances |
+-+--------------+----------+
+-+--------------+----------+

Report Cell Usage: 
+------+-----+------+
|      |Cell |Count |
+------+-----+------+
|1     |LUT2 |     2|
+------+-----+------+

Report Instance Areas: 
+------+---------+-------+------+
|      |Instance |Module |Cells |
+------+---------+-------+------+
|1     |top      |       |     2|
+------+---------+-------+------+
---------------------------------------------------------------------------------
Finished Writing Synthesis Report : Time (s): cpu = 00:00:11 ; elapsed = 00:00:18 . Memory (MB): peak = 1242.863 ; gain = 742.988
---------------------------------------------------------------------------------
Synthesis finished with 0 errors, 0 critical warnings and 1 warnings.
Synthesis Optimization Runtime : Time (s): cpu = 00:00:11 ; elapsed = 00:00:18 . Memory (MB): peak = 1242.863 ; gain = 742.988
Synthesis Optimization Complete : Time (s): cpu = 00:00:11 ; elapsed = 00:00:18 . Memory (MB): peak = 1242.863 ; gain = 742.988
INFO: [Project 1-571] Translating synthesized netlist
Netlist sorting complete. Time (s): cpu = 00:00:00 ; elapsed = 00:00:00 . Memory (MB): peak = 1255.770 ; gain = 0.000
INFO: [Project 1-570] Preparing netlist for logic optimization
INFO: [Opt 31-138] Pushed 0 inverter(s) to 0 load pin(s).
Netlist sorting complete. Time (s): cpu = 00:00:00 ; elapsed = 00:00:00 . Memory (MB): peak = 1358.746 ; gain = 0.000
INFO: [Project 1-111] Unisim Transformation Summary:
No Unisim elements were transformed.

The system cannot find the path specified.
Synth Design complete | Checksum: bf169eda
INFO: [Common 17-83] Releasing license: Synthesis
19 Infos, 2 Warnings, 0 Critical Warnings and 0 Errors encountered.
synth_design completed successfully
synth_design: Time (s): cpu = 00:00:12 ; elapsed = 00:00:20 . Memory (MB): peak = 1358.746 ; gain = 863.832
INFO: [Timing 38-35] Done setting XDC timing constraints.
INFO: [Common 17-1381] The checkpoint 'C:/Users/aksel/OneDrive/Skrivebord/4-semester/DigitalProgrammerbarElektronik/Lab4/lab4project.runs/pwm_block_demultiplexer_1x2_0_2_synth_1/pwm_block_demultiplexer_1x2_0_2.dcp' has been generated.
write_checkpoint: Time (s): cpu = 00:00:04 ; elapsed = 00:00:07 . Memory (MB): peak = 1605.449 ; gain = 246.703
INFO: [runtcl-4] Executing : report_utilization -file pwm_block_demultiplexer_1x2_0_2_utilization_synth.rpt -pb pwm_block_demultiplexer_1x2_0_2_utilization_synth.pb
INFO: [Common 17-206] Exiting Vivado at Thu Mar 21 10:12:49 2024...
